[16:40:15] [Server thread/INFO]: Starting minecraft server version 1.8
[16:40:15] [Server thread/INFO]: Loading properties
[16:40:15] [Server thread/INFO]: Default game type: SURVIVAL
[16:40:15] [Server thread/INFO]: This server is running CraftBukkit version git-Spigot-c3c767f-33d5de3 (MC: 1.8) (Implementing API version 1.8-R0.1-SNAPSHOT)
[16:40:15] [Server thread/INFO]: Debug logging is enabled
[16:40:15] [Server thread/INFO]: Server Ping Player Sample Count: 12
[16:40:15] [Server thread/INFO]: Using 4 threads for Netty based IO
[16:40:15] [Server thread/INFO]: Generating keypair
[16:40:15] [Server thread/INFO]: Starting Minecraft server on 25.65.83.202:25565
[16:40:16] [Server thread/INFO]: Set PluginClassLoader as parallel capable
[16:40:19] [Server thread/INFO]: [SkinsRestorer] Loading SkinsRestorer v12.8
[16:40:19] [Server thread/INFO]: [WorldEdit] Loading WorldEdit v6.1.3;7a097ca
[16:40:19] [Server thread/INFO]: [iDisguise] Loading iDisguise v5.3.6
[16:40:19] [Server thread/INFO]: [PermissionsEx] Loading PermissionsEx v1.23.4
[16:40:19] [Server thread/INFO]: [AutoMessage] Loading AutoMessage v2.5.5
[16:40:19] [Server thread/INFO]: [PingPlayer] Loading PingPlayer v1.3.1
[16:40:19] [Server thread/INFO]: [Vault] Loading Vault v1.5.6-b49
[16:40:19] [Server thread/INFO]: [Multiverse-Core] Loading Multiverse-Core v2.4-b527
[16:40:19] [Server thread/INFO]: [WorldGuard] Loading WorldGuard v6.1.2;e38d98d
[16:40:19] [Server thread/INFO]: [Essentials] Loading Essentials v2.0.1-b370
[16:40:19] [Server thread/INFO]: [EssentialsChat] Loading EssentialsChat vPre2.14.1.3
[16:40:19] [Server thread/INFO]: [EssentialsSpawn] Loading EssentialsSpawn vPre2.14.1.3
[16:40:19] [Server thread/INFO]: [EssentialsProtect] Loading EssentialsProtect vPre2.14.1.3
[16:40:19] [Server thread/INFO]: [Vault] Enabling Vault v1.5.6-b49
[16:40:19] [Server thread/INFO]: [Vault] [Economy] Essentials Economy found: Waiting
[16:40:19] [Server thread/INFO]: [Vault] [Permission] PermissionsEx found: Waiting
[16:40:19] [Server thread/INFO]: [Vault] [Permission] SuperPermissions loaded as backup permission system.
[16:40:19] [Server thread/INFO]: [Vault] [Chat] PermissionsEx found: Waiting
[16:40:19] [Server thread/INFO]: [Vault] Enabled Version 1.5.6-b49
[16:40:19] [Server thread/INFO]: **** Beginning UUID conversion, this may take A LONG time ****
[16:40:19] [Server thread/INFO]: Preparing level "world"
[16:40:19] [Server thread/INFO]: -------- World Settings For [world] --------
[16:40:19] [Server thread/INFO]: Allow Zombie Pigmen to spawn from portal blocks: false
[16:40:19] [Server thread/INFO]: Item Despawn Rate: 6000
[16:40:19] [Server thread/INFO]: Item Merge Radius: 2.5
[16:40:19] [Server thread/INFO]: Arrow Despawn Rate: 1200
[16:40:19] [Server thread/INFO]: Zombie Aggressive Towards Villager: true
[16:40:19] [Server thread/INFO]: View Distance: 8
[16:40:19] [Server thread/INFO]: Chunks to Grow per Tick: 650
[16:40:19] [Server thread/INFO]: Clear tick list: false
[16:40:19] [Server thread/INFO]: Experience Merge Radius: 3.0
[16:40:19] [Server thread/INFO]: Max Entity Collisions: 8
[16:40:19] [Server thread/INFO]: Custom Map Seeds:  Village: 10387312 Feature: 14357617
[16:40:19] [Server thread/INFO]: Mob Spawn Range: 4
[16:40:19] [Server thread/INFO]: Anti X-Ray: true
[16:40:19] [Server thread/INFO]: 	Engine Mode: 1
[16:40:19] [Server thread/INFO]: 	Hidden Blocks: [14, 15, 16, 21, 48, 49, 54, 56, 73, 74, 82, 129, 130]
[16:40:19] [Server thread/INFO]: 	Replace Blocks: [1, 5]
[16:40:19] [Server thread/INFO]: Entity Tracking Range: Pl 48 / An 48 / Mo 48 / Mi 32 / Other 64
[16:40:19] [Server thread/INFO]: Max TNT Explosions: 100
[16:40:19] [Server thread/INFO]: Tile Max Tick Time: 50ms Entity max Tick Time: 50ms
[16:40:19] [Server thread/INFO]: Cactus Growth Modifier: 100%
[16:40:19] [Server thread/INFO]: Cane Growth Modifier: 100%
[16:40:19] [Server thread/INFO]: Melon Growth Modifier: 100%
[16:40:19] [Server thread/INFO]: Mushroom Growth Modifier: 100%
[16:40:19] [Server thread/INFO]: Pumpkin Growth Modifier: 100%
[16:40:19] [Server thread/INFO]: Sapling Growth Modifier: 100%
[16:40:19] [Server thread/INFO]: Wheat Growth Modifier: 100%
[16:40:19] [Server thread/INFO]: Nerfing mobs spawned from spawners: false
[16:40:19] [Server thread/INFO]: Sending up to 10 chunks per packet
[16:40:19] [Server thread/INFO]: Random Lighting Updates: false
[16:40:19] [Server thread/INFO]: Alternative Hopper Ticking: false
[16:40:19] [Server thread/INFO]: Hopper Transfer: 8 Hopper Check: 8 Hopper Amount: 1
[16:40:19] [Server thread/INFO]: Entity Activation Range: An 32 / Mo 32 / Mi 16
[16:40:19] [Server thread/INFO]: Structure Info Saving: true
[16:40:19] [Server thread/INFO]: Preparing start region for level 0 (Seed: 1836310568572768058)
[16:40:19] [Server thread/INFO]: [SkinsRestorer] Enabling SkinsRestorer v12.8
[16:40:19] [Server thread/INFO]: [0;32;1mDetected Minecraft [0;33;1mv1_8_R1[0;32;1m, using [0;33;1mSkinFactory_v1_8_R1[m
[16:40:20] [Server thread/INFO]: [m
[16:40:20] [Server thread/INFO]: [0;32;1m    +===============+[m
[16:40:20] [Server thread/INFO]: [0;32;1m    | SkinsRestorer |[m
[16:40:20] [Server thread/INFO]: [0;32;1m    +===============+[m
[16:40:20] [Server thread/INFO]: [m
[16:40:20] [Server thread/INFO]: [0;36;1m    Current version: [0;31;1m12.8[m
[16:40:20] [Server thread/INFO]: [0;31;1m    A new version is available! Download it at:[m
[16:40:20] [Server thread/INFO]: [0;33;1m    https://www.spigotmc.org/resources/skinsrestorer.2124/[m
[16:40:20] [Server thread/INFO]: [m
[16:40:20] [Server thread/INFO]: [WorldEdit] Enabling WorldEdit v6.1.3;7a097ca
[16:40:20] [Server thread/INFO]: WEPIF: Using the Bukkit Permissions API.
[16:40:20] [Server thread/INFO]: [WorldEdit] Logging WorldEdit commands to C:\Users\Giaco\Documenti\GitHub\ServerConDalla\plugins\WorldEdit\worldedit.log
[16:40:20] [Server thread/INFO]: [WorldEdit] Using com.sk89q.worldedit.bukkit.adapter.impl.Spigot_v1_8_R1 as the Bukkit adapter
[16:40:20] [Server thread/INFO]: [iDisguise] Enabling iDisguise v5.3.6
[16:40:20] [Server thread/INFO]: [iDisguise] iDisguise 5.3.6 enabled!
[16:40:20] [Server thread/INFO]: [PermissionsEx] Enabling PermissionsEx v1.23.4
[16:40:20] [Server thread/INFO]: [PermissionsEx] Initializing file backend
[16:40:20] [Server thread/INFO]: [PermissionsEx] Permissions file successfully reloaded
[16:40:20] [Server thread/INFO]: WEPIF: PermissionsEx detected! Using PermissionsEx for permissions.
[16:40:20] [Server thread/INFO]: [Vault][Permission] PermissionsEx hooked.
[16:40:20] [Server thread/INFO]: [Vault][Chat] PermissionsEx_Chat hooked.
[16:40:20] [Server thread/INFO]: [AutoMessage] Enabling AutoMessage v2.5.5
[16:40:20] [Server thread/INFO]: [PingPlayer] Enabling PingPlayer v1.3.1
[16:40:20] [Server thread/INFO]: [PingPlayer] Thank you for enabling Metrics!
[16:40:20] [Server thread/INFO]: [PingPlayer] PingPlayer v1.3.1 enabled.
[16:40:20] [Server thread/INFO]: [Multiverse-Core] Enabling Multiverse-Core v2.4-b527
[16:40:20] [Server thread/INFO]: [Multiverse-Core] - Version 2.4-b527 (API v14) Enabled - By Rigby, fernferret, lithium3141 and main--
[16:40:20] [Server thread/INFO]: [AllPay] - Version 10.0 - hooked into Essentials Economy for Multiverse-Core v2.4-b527
[16:40:20] [Server thread/INFO]: [Multiverse-Core] Loading World & Settings - 'world' - Env: NORMAL - Type: FLAT & seed: 1836310568572768058
[16:40:20] [Server thread/INFO]: [Multiverse-Core] 1 - World(s) loaded.
[16:40:20] [Server thread/INFO]: [WorldGuard] Enabling WorldGuard v6.1.2;e38d98d
[16:40:20] [Server thread/INFO]: [WorldGuard] (world) TNT ignition is PERMITTED.
[16:40:20] [Server thread/INFO]: [WorldGuard] (world) Lighters are PERMITTED.
[16:40:20] [Server thread/INFO]: [WorldGuard] (world) Lava fire is blocked.
[16:40:20] [Server thread/INFO]: [WorldGuard] (world) Fire spread is UNRESTRICTED.
[16:40:20] [Server thread/INFO]: [WorldGuard] Loaded configuration for world 'world'
[16:40:20] [Server thread/INFO]: [WorldGuard] Loading region data...
[16:40:20] [Server thread/INFO]: [Essentials] Enabling Essentials v2.0.1-b370
[16:40:20] [Server thread/WARN]: [Essentials] §4Version mismatch! Please update EssentialsChat to the same version.
[16:40:20] [Server thread/WARN]: [Essentials] §4Version mismatch! Please update EssentialsSpawn to the same version.
[16:40:20] [Server thread/WARN]: [Essentials] §4Version mismatch! Please update EssentialsProtect to the same version.
[16:40:20] [Server thread/TRACE]: Aborting ItemSpawnBL read, itemDB not yet loaded.
[16:40:20] [Server thread/INFO]: Using locale it_IT
[16:40:21] [Server thread/INFO]: [Essentials] Using CraftBukkit 1.8 NMS-based provider as mob spawner provider.
[16:40:21] [Server thread/INFO]: [Essentials] Using legacy item data provider as spawn egg provider.
[16:40:21] [Server thread/INFO]: [Essentials] Using legacy potion meta provider as potion meta provider.
[16:40:21] [Server thread/INFO]: Using locale it_IT
[16:40:21] [Server thread/INFO]: [Essentials] Starting Metrics. Opt-out using the global PluginMetrics config.
[16:40:21] [Server thread/INFO]: [Vault][Economy] Essentials Economy hooked.
[16:40:21] [Server thread/INFO]: [EssentialsChat] Enabling EssentialsChat vPre2.14.1.3
[16:40:21] [Server thread/WARN]: §4Versione incorretta! Aggiornare tutti i jar Essentials alla stessa versione.
[16:40:21] [Server thread/INFO]: [EssentialsSpawn] Enabling EssentialsSpawn vPre2.14.1.3
[16:40:21] [Server thread/WARN]: §4Versione incorretta! Aggiornare tutti i jar Essentials alla stessa versione.
[16:40:21] [Server thread/INFO]: [EssentialsProtect] Enabling EssentialsProtect vPre2.14.1.3
[16:40:21] [Server thread/WARN]: §4Versione incorretta! Aggiornare tutti i jar Essentials alla stessa versione.
[16:40:21] [Server thread/INFO]: Server permissions file permissions.yml is empty, ignoring it
[16:40:21] [Server thread/INFO]: Done (1,753s)! For help, type "help" or "?"
[16:40:21] [Craft Scheduler Thread - 3/INFO]: [Vault] Checking for Updates ... 
[16:40:21] [Thread-9/WARN]: [PermissionsEx] The updater could not find any files for the project id 31279
[16:40:21] [Craft Scheduler Thread - 3/INFO]: [Vault] No new version available
[16:40:24] [Server thread/INFO]: Stopping the server
[16:40:24] [Server thread/INFO]: Stopping server
[16:40:24] [Server thread/INFO]: [EssentialsProtect] Disabling EssentialsProtect vPre2.14.1.3
[16:40:24] [Server thread/INFO]: [EssentialsSpawn] Disabling EssentialsSpawn vPre2.14.1.3
[16:40:24] [Server thread/INFO]: [EssentialsChat] Disabling EssentialsChat vPre2.14.1.3
[16:40:24] [Server thread/INFO]: [Essentials] Disabling Essentials v2.0.1-b370
[16:40:24] [Server thread/INFO]: [Vault][Economy] Essentials Economy unhooked.
[16:40:24] [Server thread/INFO]: [WorldGuard] Disabling WorldGuard v6.1.2;e38d98d
[16:40:24] [Server thread/INFO]: [WorldGuard] Shutting down executor and waiting for any pending tasks...
[16:40:24] [Server thread/INFO]: [Multiverse-Core] Disabling Multiverse-Core v2.4-b527
[16:40:24] [Server thread/INFO]: [Multiverse-Core] - Disabled
[16:40:24] [Server thread/INFO]: [Vault] Disabling Vault v1.5.6-b49
[16:40:24] [Server thread/INFO]: [PingPlayer] Disabling PingPlayer v1.3.1
[16:40:24] [Server thread/INFO]: [PingPlayer] PingPlayer v1.3.1 disabled.
[16:40:24] [Server thread/INFO]: [AutoMessage] Disabling AutoMessage v2.5.5
[16:40:24] [Server thread/INFO]: [PermissionsEx] Disabling PermissionsEx v1.23.4
[16:40:24] [Server thread/INFO]: WEPIF: PermissionsEx detected! Using PermissionsEx for permissions.
[16:40:24] [Server thread/INFO]: [iDisguise] Disabling iDisguise v5.3.6
[16:40:24] [Server thread/INFO]: [iDisguise] iDisguise 5.3.6 disabled!
[16:40:24] [Server thread/INFO]: [WorldEdit] Disabling WorldEdit v6.1.3;7a097ca
[16:40:24] [Server thread/INFO]: [SkinsRestorer] Disabling SkinsRestorer v12.8
[16:40:24] [Server thread/INFO]: Saving players
[16:40:24] [Server thread/INFO]: Saving worlds
[16:40:24] [Server thread/INFO]: Saving chunks for level 'world'/Overworld
