[INFO] WorldEdit: Giaco131 (in "world"): /wand
[INFO] WorldEdit: Giaco131 (in "world"): /replace 159:3 90%159:3,5%174,5%95:11 - Region: (-19.0, 42.0, 6.0) - (20.0, 44.0, 51.0)
[INFO] WorldEdit: Giaco131 (in "world"): /replace 159:3 90%159:3,5%174,5%95:11 - Region: (-19.0, 42.0, 6.0) - (20.0, 44.0, 51.0)
[INFO] WorldEdit: Giaco131 (in "world"): /undo
[INFO] WorldEdit: Giaco131 (in "world"): /pos2 - Position: (4.699999988079073, 43.098166283984064, -15.699999988079075)
[INFO] WorldEdit: Giaco131 (in "world"): /pos2 - Position: (-18.69999998807907, 43.47612109338999, -14.699999988079076)
[INFO] WorldEdit: Giaco131 (in "world"): /replace 0 1 - Region: (-19.0, 43.0, -15.0) - (-19.0, 43.0, 4.0)
[INFO] WorldEdit: Giaco131 (in "world"): /replace 0 1 - Region: (-19.0, 43.0, -15.0) - (-12.0, 43.0, 3.0)
[INFO] WorldEdit: Giaco131 (in "world"): /pos2 - Position: (0.6999999880790783, 43.47612109338999, -18.699999988079078)
[INFO] WorldEdit: Giaco131 (in "world"): /replace 0 1 - Region: (-18.0, 43.0, -19.0) - (0.0, 43.0, -15.0)
[INFO] WorldEdit: Giaco131 (in "world"): /replace 0 1 - Region: (0.0, 43.0, -19.0) - (3.0, 43.0, -16.0)
[INFO] WorldEdit: Giaco131 (in "world"): /replace 0 1 - Region: (4.0, 43.0, -13.0) - (7.0, 43.0, 11.0)
[INFO] WorldEdit: Giaco131 (in "world"): /pos2 - Position: (12.403871606603792, 43.485916678788485, -6.699999988079076)
[INFO] WorldEdit: Giaco131 (in "world"): /replace 0 1 - Region: (7.0, 43.0, -7.0) - (12.0, 43.0, 10.0)
[INFO] WorldEdit: Giaco131 (in "world"): /replace 0 1 - Region: (7.0, 43.0, -8.0) - (11.0, 43.0, -7.0)
[INFO] WorldEdit: Giaco131 (in "world"): /replace 0 1 - Region: (7.0, 43.0, -10.0) - (10.0, 43.0, -8.0)
[INFO] WorldEdit: Giaco131 (in "world"): /replace 0 1 - Region: (7.0, 43.0, -12.0) - (8.0, 43.0, -10.0)
[INFO] WorldEdit: Giaco131 (in "world"): /replace 0 1 - Region: (8.0, 43.0, -11.0) - (9.0, 43.0, -10.0)
[INFO] WorldEdit: Giaco131 (in "world"): /replace 0 1 - Region: (13.0, 43.0, 9.0) - (13.0, 43.0, 9.0)
[INFO] WorldEdit: Giaco131 (in "world"): /replace 0 1 - Region: (13.0, 43.0, -5.0) - (13.0, 43.0, 9.0)
[INFO] WorldEdit: Giaco131 (in "world"): /replace 1 90%159:14,5%172,5%95:14 - Region: (-20.0, 44.0, -28.0) - (17.0, 44.0, 12.0)
[INFO] WorldEdit: Giaco131 (in "world"): /undo
[INFO] WorldEdit: Giaco131 (in "world"): /replace 1 90%159:14,5%172,5%95:14 - Region: (-20.0, 44.0, -28.0) - (17.0, 44.0, 12.0)
[INFO] WorldEdit: Giaco131 (in "world"): /undo
[INFO] WorldEdit: Giaco131 (in "world"): /replace stone 90%159:14,5%172,5%95:14 - Region: (-20.0, 44.0, -28.0) - (17.0, 44.0, 12.0)
[INFO] WorldEdit: Giaco131 (in "world"): /undo
[INFO] WorldEdit: Giaco131 (in "world"): /replace stone 90%159:14,5%172,5%95:14 - Region: (-20.0, 43.0, -25.0) - (17.0, 43.0, 11.0)
[INFO] WorldEdit: Giaco131 (in "world"): /replace 172 174 - Region: (-20.0, 43.0, -25.0) - (17.0, 43.0, 11.0)
[INFO] WorldEdit: Giaco131 (in "world"): /replace 159:14 90%159:14,5%172,5%95:14 - Region: (-20.0, 43.0, -25.0) - (17.0, 43.0, 11.0)
[INFO] WorldEdit: Giaco131 (in "world"): /replace 172 174 - Region: (-20.0, 43.0, -25.0) - (17.0, 43.0, 11.0)
[INFO] WorldEdit: Giaco131 (in "world"): /replace 174 50%174,79:14 - Region: (-20.0, 43.0, -25.0) - (17.0, 43.0, 11.0)
[INFO] WorldEdit: Giaco131 (in "world"): /replace 174 50%174,50%79:14 - Region: (-20.0, 43.0, -25.0) - (17.0, 43.0, 11.0)
[INFO] WorldEdit: Manu069 (in "world"): /wand
[INFO] WorldEdit: Manu069 (in "world"): up 1 - Position: (13.6343197352487, 57.045542293236416, -18.191641729387133)
[INFO] WorldEdit: Manu069 (in "world"): up 1 - Position: (5.474255014398819, 58.0, -10.364349117378248)
[INFO] WorldEdit: Manu069 (in "world"): /undo
[INFO] WorldEdit: Manu069 (in "world"): /wand
[INFO] WorldEdit: Giaco131 (in "world"): /wand
[INFO] WorldEdit: Giaco131 (in "world"): /wand
[INFO] WorldEdit: Giaco131 (in "world"): /undo
[INFO] WorldEdit: Giaco131 (in "world"): /undo
[INFO] WorldEdit: Manu069 (in "world"): /wand
[INFO] WorldEdit: Giaco131 (in "world"): /cyl glass 15 - Position: (31.0, 53.0, -36.0)
[INFO] WorldEdit: Giaco131 (in "world"): /hcyl glass 15 - Position: (31.0, 53.0, -36.0)
[INFO] WorldEdit: Giaco131 (in "world"): /hcyl glass 15 15 - Position: (31.0, 53.0, -36.0)
[INFO] WorldEdit: Giaco131 (in "world"): up 15 - Position: (31.609691654388413, 53.293845920676475, -35.75961956921387)
[INFO] WorldEdit: Giaco131 (in "world"): /hcyl glass 15 15 - Position: (31.0, 68.0, -36.0)
[INFO] WorldEdit: Giaco131 (in "world"): /undo
[INFO] WorldEdit: Giaco131 (in "world"): /cyl glass 15 - Position: (31.0, 68.0, -36.0)
[INFO] WorldEdit: Giaco131 (in "world"): /pos1 - Position: (16.060247780024444, 45.73170032508607, -21.248428838666456)
[INFO] WorldEdit: Giaco131 (in "world"): /pos2 - Position: (58.96274503683983, 78.72225379601281, -57.72226250097617)
[INFO] WorldEdit: Manu069 (in "world"): area 5
[INFO] WorldEdit: Manu069 (in "world"): area 5
[INFO] WorldEdit: Manu069 (in "world"): /sphere 10 10 - Position: (-25.0, 50.0, -91.0)
[INFO] WorldEdit: Manu069 (in "world"): /undo
[INFO] WorldEdit: Giaco131 (in "world"): /drain 1000 - Position: (-24.0, 45.0, -81.0)
[INFO] WorldEdit: Giaco131 (in "world"): /drain 1000 - Position: (-26.0, 45.0, -87.0)
[INFO] WorldEdit: Giaco131 (in "world"): /drain 1000 - Position: (-26.0, 51.0, -95.0)
[INFO] WorldEdit: Giaco131 (in "world"): /drain 1000 - Position: (-21.0, 51.0, -90.0)
[INFO] WorldEdit: Giaco131 (in "world"): /drain 1000] - Position: (-29.0, 51.0, -91.0)
[INFO] WorldEdit: Giaco131 (in "world"): /drain 1000 - Position: (-29.0, 51.0, -91.0)
[INFO] WorldEdit: Giaco131 (in "world"): /drain 1000 - Position: (-27.0, 39.0, -88.0)
[INFO] WorldEdit: Giaco131 (in "world"): /drain 1000 - Position: (-28.0, 38.0, -94.0)
[INFO] WorldEdit: Giaco131 (in "world"): /drain 1000 - Position: (-30.0, 36.0, -94.0)
[INFO] WorldEdit: Giaco131 (in "world"): /sphere lava 5 - Position: (-41.0, 54.0, -1.0)
[INFO] WorldEdit: Giaco131 (in "world"): /drain 100 - Position: (-41.0, 54.0, -1.0)
[INFO] WorldEdit: Giaco131 (in "world"): /sphere lava 5 - Position: (-3.0, 47.0, 37.0)
[INFO] WorldEdit: Giaco131 (in "world"): /drain 100 - Position: (-3.0, 47.0, 37.0)
[INFO] WorldEdit: Giaco131 (in "world"): /undo
[INFO] WorldEdit: Giaco131 (in "world"): /undo
[INFO] WorldEdit: Giaco131 (in "world"): /drain 100 - Position: (-3.0, 44.0, 37.0)
[INFO] WorldEdit: Giaco131 (in "world"): /drain 100 - Position: (-7.0, 44.0, 38.0)
[INFO] WorldEdit: Giaco131 (in "world"): /drain 100 - Position: (-3.0, 44.0, 33.0)
