2016-10-04 13:47:44 [INFORMAZIONI] [Multiverse-Core] - Version 2.4-b527 (API v14) Enabled - By Rigby, fernferret, lithium3141 and main--
2016-10-04 13:47:44 [INFORMAZIONI] [Multiverse-Core] Loading World & Settings - 'world' - Env: NORMAL - Type: NORMAL & seed: -1673663213094407464
2016-10-04 13:47:45 [INFORMAZIONI] [Multiverse-Core] Loading World & Settings - 'world' - Env: NORMAL - Type: NORMAL & seed: -1673663213094407464
2016-10-04 13:47:45 [INFORMAZIONI] [Multiverse-Core] 1 - World(s) loaded.
2016-10-04 13:50:11 [INFORMAZIONI] [Multiverse-Core] Loading World & Settings - 'prova' - Env: NORMAL - Type: VERSION_1_1
2016-10-04 13:50:24 [AVVERTENZA] [Multiverse-Core] Spawn location from world.dat file was unsafe. Adjusting...
2016-10-04 13:50:24 [AVVERTENZA] [Multiverse-Core] Original Location: X: 0 Y: 0 Z: 0 P: 0 Y: 0 
2016-10-04 13:50:24 [INFORMAZIONI] [Multiverse-Core] New Spawn for 'prova' is Located at: prova:0,00,101,00,0,00:0,00:0,00
2016-10-04 13:51:58 [INFORMAZIONI] [Multiverse-Core] World 'prova' was unloaded from memory.
2016-10-04 13:51:58 [INFORMAZIONI] [Multiverse-Core] World 'prova' was removed from config.yml
2016-10-04 13:52:05 [INFORMAZIONI] [Multiverse-Core] - Version 2.4-b527 (API v14) Enabled - By Rigby, fernferret, lithium3141 and main--
2016-10-04 13:52:05 [INFORMAZIONI] [Multiverse-Core] Loading World & Settings - 'world' - Env: NORMAL - Type: NORMAL & seed: -1673663213094407464
2016-10-04 13:52:06 [INFORMAZIONI] [Multiverse-Core] 1 - World(s) loaded.
2016-10-04 13:57:27 [INFORMAZIONI] [Multiverse-Core] - Version 2.4-b527 (API v14) Enabled - By Rigby, fernferret, lithium3141 and main--
2016-10-04 13:57:27 [INFORMAZIONI] [Multiverse-Core] Loading World & Settings - 'world' - Env: NORMAL - Type: NORMAL & seed: -1673663213094407464
2016-10-04 13:57:28 [INFORMAZIONI] [Multiverse-Core] 1 - World(s) loaded.
2016-10-04 13:57:55 [INFORMAZIONI] [Multiverse-Core] - Version 2.4-b527 (API v14) Enabled - By Rigby, fernferret, lithium3141 and main--
2016-10-04 13:57:55 [INFORMAZIONI] [Multiverse-Core] Loading World & Settings - 'world' - Env: NORMAL - Type: NORMAL & seed: -1673663213094407464
2016-10-04 13:57:56 [INFORMAZIONI] [Multiverse-Core] 1 - World(s) loaded.
2016-10-04 13:58:40 [INFORMAZIONI] [Multiverse-Core] - Version 2.4-b527 (API v14) Enabled - By Rigby, fernferret, lithium3141 and main--
2016-10-04 13:58:40 [INFORMAZIONI] [Multiverse-Core] Loading World & Settings - 'world' - Env: NORMAL - Type: NORMAL & seed: -1673663213094407464
2016-10-04 13:58:40 [INFORMAZIONI] [Multiverse-Core] 1 - World(s) loaded.
2016-10-04 14:10:25 [INFORMAZIONI] [Multiverse-Core] - Version 2.4-b527 (API v14) Enabled - By Rigby, fernferret, lithium3141 and main--
2016-10-04 14:10:25 [INFORMAZIONI] [Multiverse-Core] Loading World & Settings - 'world' - Env: NORMAL - Type: NORMAL & seed: -1673663213094407464
2016-10-04 14:10:25 [AVVERTENZA] [Multiverse-Core] Spawn location from world.dat file was unsafe. Adjusting...
2016-10-04 14:10:25 [AVVERTENZA] [Multiverse-Core] Original Location: X: 8 Y: 4 Z: 8 P: 0 Y: 0 
2016-10-04 14:10:25 [INFORMAZIONI] [Multiverse-Core] New Spawn for 'world' is Located at: world:9,50,4,00,8,50:0,00:0,00
2016-10-04 14:10:25 [INFORMAZIONI] [Multiverse-Core] 1 - World(s) loaded.
2016-10-04 14:10:41 [INFORMAZIONI] [Multiverse-Core] - Version 2.4-b527 (API v14) Enabled - By Rigby, fernferret, lithium3141 and main--
2016-10-04 14:10:41 [INFORMAZIONI] [Multiverse-Core] Loading World & Settings - 'world' - Env: NORMAL - Type: FLAT & seed: 1836310568572768058
2016-10-04 14:10:41 [INFORMAZIONI] [Multiverse-Core] 1 - World(s) loaded.
2016-10-04 14:16:08 [INFORMAZIONI] [Multiverse-Core] - Version 2.4-b527 (API v14) Enabled - By Rigby, fernferret, lithium3141 and main--
2016-10-04 14:16:08 [INFORMAZIONI] [Multiverse-Core] Loading World & Settings - 'world' - Env: NORMAL - Type: FLAT & seed: 1836310568572768058
2016-10-04 14:16:08 [INFORMAZIONI] [Multiverse-Core] 1 - World(s) loaded.
2016-10-04 14:16:48 [INFORMAZIONI] [Multiverse-Core] - Version 2.4-b527 (API v14) Enabled - By Rigby, fernferret, lithium3141 and main--
2016-10-04 14:16:48 [INFORMAZIONI] [Multiverse-Core] Loading World & Settings - 'world' - Env: NORMAL - Type: FLAT & seed: 1836310568572768058
2016-10-04 14:16:48 [INFORMAZIONI] [Multiverse-Core] 1 - World(s) loaded.
2016-10-04 14:17:07 [INFORMAZIONI] [Multiverse-Core] - Version 2.4-b527 (API v14) Enabled - By Rigby, fernferret, lithium3141 and main--
2016-10-04 14:17:07 [INFORMAZIONI] [Multiverse-Core] Loading World & Settings - 'world' - Env: NORMAL - Type: FLAT & seed: 1836310568572768058
2016-10-04 14:17:07 [INFORMAZIONI] [Multiverse-Core] 1 - World(s) loaded.
2016-10-04 14:24:44 [INFORMAZIONI] [Multiverse-Core] - Version 2.4-b527 (API v14) Enabled - By Rigby, fernferret, lithium3141 and main--
2016-10-04 14:24:44 [INFORMAZIONI] [Multiverse-Core] Loading World & Settings - 'world' - Env: NORMAL - Type: FLAT & seed: 1836310568572768058
2016-10-04 14:24:44 [INFORMAZIONI] [Multiverse-Core] 1 - World(s) loaded.
2016-10-04 14:41:42 [INFORMAZIONI] [Multiverse-Core] Loading World & Settings - 'world' - Env: NORMAL - Type: FLAT & seed: 1836310568572768058
2016-10-04 14:41:42 [INFORMAZIONI] [Multiverse-Core] 1 - World(s) loaded.
2016-10-04 15:54:55 [INFORMAZIONI] [Multiverse-Core] - Version 2.4-b527 (API v14) Enabled - By Rigby, fernferret, lithium3141 and main--
2016-10-04 15:54:55 [INFORMAZIONI] [Multiverse-Core] Loading World & Settings - 'world' - Env: NORMAL - Type: FLAT & seed: 1836310568572768058
2016-10-04 15:54:55 [INFORMAZIONI] [Multiverse-Core] 1 - World(s) loaded.
2016-10-04 16:40:57 [INFORMAZIONI] [Multiverse-Core] - Version 2.4-b527 (API v14) Enabled - By Rigby, fernferret, lithium3141 and main--
2016-10-04 16:40:57 [INFORMAZIONI] [Multiverse-Core] Loading World & Settings - 'world' - Env: NORMAL - Type: FLAT & seed: 1836310568572768058
2016-10-04 16:40:57 [INFORMAZIONI] [Multiverse-Core] 1 - World(s) loaded.
2016-10-04 16:41:19 [INFORMAZIONI] [Multiverse-Core] - Version 2.4-b527 (API v14) Enabled - By Rigby, fernferret, lithium3141 and main--
2016-10-04 16:41:19 [INFORMAZIONI] [Multiverse-Core] Loading World & Settings - 'world' - Env: NORMAL - Type: FLAT & seed: 1836310568572768058
2016-10-04 16:41:20 [INFORMAZIONI] [Multiverse-Core] 1 - World(s) loaded.
2016-10-04 16:44:56 [INFORMAZIONI] [Multiverse-Core] - Version 2.4-b527 (API v14) Enabled - By Rigby, fernferret, lithium3141 and main--
2016-10-04 16:44:56 [INFORMAZIONI] [Multiverse-Core] Loading World & Settings - 'world' - Env: NORMAL - Type: FLAT & seed: 1836310568572768058
2016-10-04 16:44:56 [INFORMAZIONI] [Multiverse-Core] 1 - World(s) loaded.
2016-10-04 16:47:24 [INFORMAZIONI] [Multiverse-Core] Loading World & Settings - 'cazzeggio' - Env: NORMAL - Type: FLAT
2016-10-04 16:47:26 [AVVERTENZA] [Multiverse-Core] Spawn location from world.dat file was unsafe. Adjusting...
2016-10-04 16:47:26 [AVVERTENZA] [Multiverse-Core] Original Location: X: 0 Y: 0 Z: 0 P: 0 Y: 0 
2016-10-04 16:47:26 [INFORMAZIONI] [Multiverse-Core] New Spawn for 'cazzeggio' is Located at: cazzeggio:1,50,4,00,0,50:0,00:0,00
2016-10-04 16:51:12 [INFORMAZIONI] [Multiverse-Core] - Version 2.4-b527 (API v14) Enabled - By Rigby, fernferret, lithium3141 and main--
2016-10-04 16:51:12 [INFORMAZIONI] [Multiverse-Core] Loading World & Settings - 'world' - Env: NORMAL - Type: FLAT & seed: 1836310568572768058
2016-10-04 16:51:12 [INFORMAZIONI] [Multiverse-Core] Loading World & Settings - 'cazzeggio' - Env: NORMAL - Type: FLAT & seed: 2841476560350153018
2016-10-04 16:51:13 [INFORMAZIONI] [Multiverse-Core] 2 - World(s) loaded.
2016-10-04 16:54:03 [INFORMAZIONI] [Multiverse-Core] - Version 2.4-b527 (API v14) Enabled - By Rigby, fernferret, lithium3141 and main--
2016-10-04 16:54:03 [INFORMAZIONI] [Multiverse-Core] Loading World & Settings - 'world' - Env: NORMAL - Type: FLAT & seed: 1836310568572768058
2016-10-04 16:54:03 [INFORMAZIONI] [Multiverse-Core] Loading World & Settings - 'cazzeggio' - Env: NORMAL - Type: FLAT & seed: 2841476560350153018
2016-10-04 16:54:04 [INFORMAZIONI] [Multiverse-Core] 2 - World(s) loaded.
2016-10-04 17:22:56 [INFORMAZIONI] [Multiverse-Core] - Version 2.4-b527 (API v14) Enabled - By Rigby, fernferret, lithium3141 and main--
2016-10-04 17:22:56 [INFORMAZIONI] [Multiverse-Core] Loading World & Settings - 'world' - Env: NORMAL - Type: FLAT & seed: 1836310568572768058
2016-10-04 17:22:56 [INFORMAZIONI] [Multiverse-Core] Loading World & Settings - 'cazzeggio' - Env: NORMAL - Type: FLAT & seed: 2841476560350153018
2016-10-04 17:22:56 [INFORMAZIONI] [Multiverse-Core] 2 - World(s) loaded.
2016-10-04 17:24:37 [INFORMAZIONI] [Multiverse-Core] - Version 2.4-b527 (API v14) Enabled - By Rigby, fernferret, lithium3141 and main--
2016-10-04 17:24:37 [INFORMAZIONI] [Multiverse-Core] Loading World & Settings - 'world' - Env: NORMAL - Type: FLAT & seed: 1836310568572768058
2016-10-04 17:24:37 [INFORMAZIONI] [Multiverse-Core] Loading World & Settings - 'cazzeggio' - Env: NORMAL - Type: FLAT & seed: 2841476560350153018
2016-10-04 17:24:37 [INFORMAZIONI] [Multiverse-Core] 2 - World(s) loaded.
2016-10-04 17:39:44 [INFORMAZIONI] [Multiverse-Core] World 'cazzeggio' was unloaded from memory.
2016-10-04 17:39:44 [INFORMAZIONI] [Multiverse-Core] World 'cazzeggio' was removed from config.yml
2016-10-04 17:43:05 [INFORMAZIONI] [Multiverse-Core] - Version 2.4-b527 (API v14) Enabled - By Rigby, fernferret, lithium3141 and main--
2016-10-04 17:43:05 [INFORMAZIONI] [Multiverse-Core] Loading World & Settings - 'world' - Env: NORMAL - Type: FLAT & seed: 1836310568572768058
2016-10-04 17:43:06 [INFORMAZIONI] [Multiverse-Core] 1 - World(s) loaded.
2016-10-04 17:44:01 [INFORMAZIONI] [Multiverse-Core] - Version 2.4-b527 (API v14) Enabled - By Rigby, fernferret, lithium3141 and main--
2016-10-04 17:44:01 [INFORMAZIONI] [Multiverse-Core] Loading World & Settings - 'world' - Env: NORMAL - Type: FLAT & seed: 1836310568572768058
2016-10-04 17:44:01 [INFORMAZIONI] [Multiverse-Core] 1 - World(s) loaded.
2016-10-04 18:19:04 [INFORMAZIONI] [Multiverse-Core] - Version 2.4-b527 (API v14) Enabled - By Rigby, fernferret, lithium3141 and main--
2016-10-04 18:19:04 [INFORMAZIONI] [Multiverse-Core] Loading World & Settings - 'world' - Env: NORMAL - Type: FLAT & seed: 1836310568572768058
2016-10-04 18:19:04 [AVVERTENZA] [Multiverse-Core] Spawn location from world.dat file was unsafe. Adjusting...
2016-10-04 18:19:04 [AVVERTENZA] [Multiverse-Core] Original Location: X: 9 Y: 4 Z: 8 P: 0 Y: 0 
2016-10-04 18:19:04 [INFORMAZIONI] [Multiverse-Core] New Spawn for 'world' is Located at: world:0,00,45,00,0,00:0,00:0,00
2016-10-04 18:19:04 [INFORMAZIONI] [Multiverse-Core] 1 - World(s) loaded.
2016-10-04 18:35:32 [INFORMAZIONI] [Multiverse-Core] - Version 2.4-b527 (API v14) Enabled - By Rigby, fernferret, lithium3141 and main--
2016-10-04 18:35:32 [INFORMAZIONI] [Multiverse-Core] Loading World & Settings - 'world' - Env: NORMAL - Type: FLAT & seed: 1836310568572768058
2016-10-04 18:35:32 [INFORMAZIONI] [Multiverse-Core] 1 - World(s) loaded.
2016-10-04 18:38:07 [INFORMAZIONI] [Multiverse-Core] - Version 2.4-b527 (API v14) Enabled - By Rigby, fernferret, lithium3141 and main--
2016-10-04 18:38:07 [INFORMAZIONI] [Multiverse-Core] Loading World & Settings - 'world' - Env: NORMAL - Type: FLAT & seed: 1836310568572768058
2016-10-04 18:38:07 [INFORMAZIONI] [Multiverse-Core] 1 - World(s) loaded.
2016-10-04 20:55:54 [INFORMAZIONI] [Multiverse-Core] - Version 2.4-b527 (API v14) Enabled - By Rigby, fernferret, lithium3141 and main--
2016-10-04 20:55:54 [INFORMAZIONI] [Multiverse-Core] Loading World & Settings - 'world' - Env: NORMAL - Type: FLAT & seed: 1836310568572768058
2016-10-04 20:55:54 [AVVERTENZA] [Multiverse-Core] Spawn location from world.dat file was unsafe. Adjusting...
2016-10-04 20:55:54 [AVVERTENZA] [Multiverse-Core] Original Location: X: 0 Y: 45 Z: 0 P: 0 Y: 0 
2016-10-04 20:55:54 [INFORMAZIONI] [Multiverse-Core] New Spawn for 'world' is Located at: world:7,50,47,00,-7,50:0,00:0,00
2016-10-04 20:55:54 [INFORMAZIONI] [Multiverse-Core] 1 - World(s) loaded.
2016-10-04 20:56:59 [INFORMAZIONI] [Multiverse-Core] - Version 2.4-b527 (API v14) Enabled - By Rigby, fernferret, lithium3141 and main--
2016-10-04 20:56:59 [INFORMAZIONI] [Multiverse-Core] Loading World & Settings - 'world' - Env: NORMAL - Type: FLAT & seed: 1836310568572768058
2016-10-04 20:56:59 [INFORMAZIONI] [Multiverse-Core] 1 - World(s) loaded.
2016-10-04 21:54:13 [INFORMAZIONI] [Multiverse-Core] - Version 2.4-b527 (API v14) Enabled - By Rigby, fernferret, lithium3141 and main--
2016-10-04 21:54:13 [INFORMAZIONI] [Multiverse-Core] Loading World & Settings - 'world' - Env: NORMAL - Type: FLAT & seed: 1836310568572768058
2016-10-04 21:54:13 [AVVERTENZA] [Multiverse-Core] Spawn location from world.dat file was unsafe. Adjusting...
2016-10-04 21:54:13 [AVVERTENZA] [Multiverse-Core] Original Location: X: 7 Y: 47 Z: -8 P: 0 Y: 0 
2016-10-04 21:54:13 [INFORMAZIONI] [Multiverse-Core] New Spawn for 'world' is Located at: world:10,50,45,00,-10,50:0,00:0,00
2016-10-04 21:54:13 [INFORMAZIONI] [Multiverse-Core] 1 - World(s) loaded.
2016-10-05 19:57:12 [INFORMAZIONI] [Multiverse-Core] - Version 2.4-b527 (API v14) Enabled - By Rigby, fernferret, lithium3141 and main--
2016-10-05 19:57:12 [INFORMAZIONI] [Multiverse-Core] Loading World & Settings - 'world' - Env: NORMAL - Type: FLAT & seed: 1836310568572768058
2016-10-05 19:57:13 [INFORMAZIONI] [Multiverse-Core] 1 - World(s) loaded.
2016-10-05 20:13:37 [INFORMAZIONI] [Multiverse-Core] - Version 2.4-b527 (API v14) Enabled - By Rigby, fernferret, lithium3141 and main--
2016-10-05 20:13:37 [INFORMAZIONI] [Multiverse-Core] Loading World & Settings - 'world' - Env: NORMAL - Type: FLAT & seed: 1836310568572768058
2016-10-05 20:13:37 [INFORMAZIONI] [Multiverse-Core] 1 - World(s) loaded.
2016-10-05 20:41:43 [INFORMAZIONI] [Multiverse-Core] - Version 2.4-b527 (API v14) Enabled - By Rigby, fernferret, lithium3141 and main--
2016-10-05 20:41:43 [INFORMAZIONI] [Multiverse-Core] Loading World & Settings - 'world' - Env: NORMAL - Type: FLAT & seed: 1836310568572768058
2016-10-05 20:41:43 [INFORMAZIONI] [Multiverse-Core] 1 - World(s) loaded.
2016-10-06 18:47:53 [INFORMAZIONI] [Multiverse-Core] - Version 2.4-b527 (API v14) Enabled - By Rigby, fernferret, lithium3141 and main--
2016-10-06 18:47:53 [INFORMAZIONI] [Multiverse-Core] Loading World & Settings - 'world' - Env: NORMAL - Type: FLAT & seed: 1836310568572768058
2016-10-06 18:47:53 [INFORMAZIONI] [Multiverse-Core] 1 - World(s) loaded.
2016-10-06 21:47:46 [INFORMAZIONI] [Multiverse-Core] - Version 2.4-b527 (API v14) Enabled - By Rigby, fernferret, lithium3141 and main--
2016-10-06 21:47:46 [INFORMAZIONI] [Multiverse-Core] Loading World & Settings - 'world' - Env: NORMAL - Type: FLAT & seed: 1836310568572768058
2016-10-06 21:47:46 [INFORMAZIONI] [Multiverse-Core] 1 - World(s) loaded.
2016-10-07 21:07:36 [INFORMAZIONI] [Multiverse-Core] - Version 2.4-b527 (API v14) Enabled - By Rigby, fernferret, lithium3141 and main--
2016-10-07 21:07:36 [INFORMAZIONI] [Multiverse-Core] Loading World & Settings - 'world' - Env: NORMAL - Type: FLAT & seed: 1836310568572768058
2016-10-07 21:07:36 [INFORMAZIONI] [Multiverse-Core] 1 - World(s) loaded.
2016-10-07 21:29:50 [INFORMAZIONI] [Multiverse-Core] - Version 2.4-b527 (API v14) Enabled - By Rigby, fernferret, lithium3141 and main--
2016-10-07 21:29:50 [INFORMAZIONI] [Multiverse-Core] Loading World & Settings - 'world' - Env: NORMAL - Type: FLAT & seed: 1836310568572768058
2016-10-07 21:29:50 [INFORMAZIONI] [Multiverse-Core] 1 - World(s) loaded.
2016-10-07 21:37:24 [INFORMAZIONI] [Multiverse-Core] - Version 2.4-b527 (API v14) Enabled - By Rigby, fernferret, lithium3141 and main--
2016-10-07 21:37:24 [INFORMAZIONI] [Multiverse-Core] Loading World & Settings - 'world' - Env: NORMAL - Type: FLAT & seed: 1836310568572768058
2016-10-07 21:37:24 [INFORMAZIONI] [Multiverse-Core] 1 - World(s) loaded.
2016-10-07 21:38:52 [INFORMAZIONI] [Multiverse-Core] - Version 2.4-b527 (API v14) Enabled - By Rigby, fernferret, lithium3141 and main--
2016-10-07 21:38:52 [INFORMAZIONI] [Multiverse-Core] Loading World & Settings - 'world' - Env: NORMAL - Type: FLAT & seed: 1836310568572768058
2016-10-07 21:38:52 [INFORMAZIONI] [Multiverse-Core] 1 - World(s) loaded.
2016-10-07 21:42:57 [INFORMAZIONI] [Multiverse-Core] - Version 2.4-b527 (API v14) Enabled - By Rigby, fernferret, lithium3141 and main--
2016-10-07 21:42:57 [INFORMAZIONI] [Multiverse-Core] Loading World & Settings - 'world' - Env: NORMAL - Type: FLAT & seed: 1836310568572768058
2016-10-07 21:42:57 [INFORMAZIONI] [Multiverse-Core] 1 - World(s) loaded.
2016-10-07 21:43:15 [INFORMAZIONI] [Multiverse-Core] - Version 2.4-b527 (API v14) Enabled - By Rigby, fernferret, lithium3141 and main--
2016-10-07 21:43:15 [INFORMAZIONI] [Multiverse-Core] Loading World & Settings - 'world' - Env: NORMAL - Type: FLAT & seed: 1836310568572768058
2016-10-07 21:43:15 [INFORMAZIONI] [Multiverse-Core] 1 - World(s) loaded.
2016-10-07 21:43:27 [INFORMAZIONI] [Multiverse-Core] - Version 2.4-b527 (API v14) Enabled - By Rigby, fernferret, lithium3141 and main--
2016-10-07 21:43:27 [INFORMAZIONI] [Multiverse-Core] Loading World & Settings - 'world' - Env: NORMAL - Type: FLAT & seed: 1836310568572768058
2016-10-07 21:43:27 [INFORMAZIONI] [Multiverse-Core] 1 - World(s) loaded.
2016-10-07 21:47:39 [INFORMAZIONI] [Multiverse-Core] - Version 2.4-b527 (API v14) Enabled - By Rigby, fernferret, lithium3141 and main--
2016-10-07 21:47:39 [INFORMAZIONI] [Multiverse-Core] Loading World & Settings - 'world' - Env: NORMAL - Type: FLAT & seed: 1836310568572768058
2016-10-07 21:47:39 [INFORMAZIONI] [Multiverse-Core] 1 - World(s) loaded.
2016-10-07 21:58:49 [INFORMAZIONI] [Multiverse-Core] - Version 2.4-b527 (API v14) Enabled - By Rigby, fernferret, lithium3141 and main--
2016-10-07 21:58:50 [INFORMAZIONI] [Multiverse-Core] Loading World & Settings - 'world' - Env: NORMAL - Type: FLAT & seed: 1836310568572768058
2016-10-07 21:58:50 [INFORMAZIONI] [Multiverse-Core] 1 - World(s) loaded.
2016-10-07 23:02:30 [INFORMAZIONI] [Multiverse-Core] - Version 2.4-b527 (API v14) Enabled - By Rigby, fernferret, lithium3141 and main--
2016-10-07 23:02:30 [INFORMAZIONI] [Multiverse-Core] Loading World & Settings - 'world' - Env: NORMAL - Type: FLAT & seed: 1836310568572768058
2016-10-07 23:02:30 [INFORMAZIONI] [Multiverse-Core] 1 - World(s) loaded.
2016-10-07 23:05:08 [INFORMAZIONI] [Multiverse-Core] - Version 2.4-b527 (API v14) Enabled - By Rigby, fernferret, lithium3141 and main--
2016-10-07 23:05:09 [INFORMAZIONI] [Multiverse-Core] Loading World & Settings - 'world' - Env: NORMAL - Type: FLAT & seed: 1836310568572768058
2016-10-07 23:05:09 [INFORMAZIONI] [Multiverse-Core] 1 - World(s) loaded.
2016-10-07 23:05:42 [INFORMAZIONI] [Multiverse-Core] - Version 2.4-b527 (API v14) Enabled - By Rigby, fernferret, lithium3141 and main--
2016-10-07 23:05:42 [INFORMAZIONI] [Multiverse-Core] Loading World & Settings - 'world' - Env: NORMAL - Type: FLAT & seed: 1836310568572768058
2016-10-07 23:05:43 [INFORMAZIONI] [Multiverse-Core] 1 - World(s) loaded.
2016-10-07 23:05:59 [INFORMAZIONI] [Multiverse-Core] - Version 2.4-b527 (API v14) Enabled - By Rigby, fernferret, lithium3141 and main--
2016-10-07 23:05:59 [INFORMAZIONI] [Multiverse-Core] Loading World & Settings - 'world' - Env: NORMAL - Type: FLAT & seed: 1836310568572768058
2016-10-07 23:05:59 [INFORMAZIONI] [Multiverse-Core] 1 - World(s) loaded.
2016-10-07 23:06:39 [INFORMAZIONI] [Multiverse-Core] - Version 2.4-b527 (API v14) Enabled - By Rigby, fernferret, lithium3141 and main--
2016-10-07 23:06:39 [INFORMAZIONI] [Multiverse-Core] Loading World & Settings - 'world' - Env: NORMAL - Type: FLAT & seed: 1836310568572768058
2016-10-07 23:06:39 [INFORMAZIONI] [Multiverse-Core] 1 - World(s) loaded.
2016-10-07 23:07:00 [INFORMAZIONI] [Multiverse-Core] - Version 2.4-b527 (API v14) Enabled - By Rigby, fernferret, lithium3141 and main--
2016-10-07 23:07:00 [INFORMAZIONI] [Multiverse-Core] Loading World & Settings - 'world' - Env: NORMAL - Type: FLAT & seed: 1836310568572768058
2016-10-07 23:07:00 [INFORMAZIONI] [Multiverse-Core] 1 - World(s) loaded.
2016-10-07 23:09:28 [INFORMAZIONI] [Multiverse-Core] - Version 2.4-b527 (API v14) Enabled - By Rigby, fernferret, lithium3141 and main--
2016-10-07 23:09:28 [INFORMAZIONI] [Multiverse-Core] Loading World & Settings - 'world' - Env: NORMAL - Type: FLAT & seed: 1836310568572768058
2016-10-07 23:09:28 [INFORMAZIONI] [Multiverse-Core] 1 - World(s) loaded.
2016-10-07 23:09:51 [INFORMAZIONI] [Multiverse-Core] - Version 2.4-b527 (API v14) Enabled - By Rigby, fernferret, lithium3141 and main--
2016-10-07 23:09:51 [INFORMAZIONI] [Multiverse-Core] Loading World & Settings - 'world' - Env: NORMAL - Type: FLAT & seed: 1836310568572768058
2016-10-07 23:09:51 [INFORMAZIONI] [Multiverse-Core] 1 - World(s) loaded.
2016-10-07 23:10:10 [INFORMAZIONI] [Multiverse-Core] - Version 2.4-b527 (API v14) Enabled - By Rigby, fernferret, lithium3141 and main--
2016-10-07 23:10:10 [INFORMAZIONI] [Multiverse-Core] Loading World & Settings - 'world' - Env: NORMAL - Type: FLAT & seed: 1836310568572768058
2016-10-07 23:10:10 [INFORMAZIONI] [Multiverse-Core] 1 - World(s) loaded.
2016-10-07 23:13:10 [INFORMAZIONI] [Multiverse-Core] - Version 2.4-b527 (API v14) Enabled - By Rigby, fernferret, lithium3141 and main--
2016-10-07 23:13:10 [INFORMAZIONI] [Multiverse-Core] Loading World & Settings - 'world' - Env: NORMAL - Type: FLAT & seed: 1836310568572768058
2016-10-07 23:13:10 [INFORMAZIONI] [Multiverse-Core] 1 - World(s) loaded.
2016-10-07 23:13:37 [INFORMAZIONI] [Multiverse-Core] - Version 2.4-b527 (API v14) Enabled - By Rigby, fernferret, lithium3141 and main--
2016-10-07 23:13:37 [INFORMAZIONI] [Multiverse-Core] Loading World & Settings - 'world' - Env: NORMAL - Type: FLAT & seed: 1836310568572768058
2016-10-07 23:13:37 [INFORMAZIONI] [Multiverse-Core] 1 - World(s) loaded.
2016-10-07 23:14:18 [INFORMAZIONI] [Multiverse-Core] - Version 2.4-b527 (API v14) Enabled - By Rigby, fernferret, lithium3141 and main--
2016-10-07 23:14:18 [INFORMAZIONI] [Multiverse-Core] Loading World & Settings - 'world' - Env: NORMAL - Type: FLAT & seed: 1836310568572768058
2016-10-07 23:14:18 [INFORMAZIONI] [Multiverse-Core] 1 - World(s) loaded.
2016-10-07 23:20:25 [INFORMAZIONI] [Multiverse-Core] - Version 2.4-b527 (API v14) Enabled - By Rigby, fernferret, lithium3141 and main--
2016-10-07 23:20:25 [INFORMAZIONI] [Multiverse-Core] Loading World & Settings - 'world' - Env: NORMAL - Type: FLAT & seed: 1836310568572768058
2016-10-07 23:20:25 [INFORMAZIONI] [Multiverse-Core] 1 - World(s) loaded.
2016-10-07 23:20:53 [INFORMAZIONI] [Multiverse-Core] - Version 2.4-b527 (API v14) Enabled - By Rigby, fernferret, lithium3141 and main--
2016-10-07 23:20:53 [INFORMAZIONI] [Multiverse-Core] Loading World & Settings - 'world' - Env: NORMAL - Type: FLAT & seed: 1836310568572768058
2016-10-07 23:20:53 [INFORMAZIONI] [Multiverse-Core] 1 - World(s) loaded.
2016-10-07 23:22:37 [INFORMAZIONI] [Multiverse-Core] - Version 2.4-b527 (API v14) Enabled - By Rigby, fernferret, lithium3141 and main--
2016-10-07 23:22:37 [INFORMAZIONI] [Multiverse-Core] Loading World & Settings - 'world' - Env: NORMAL - Type: FLAT & seed: 1836310568572768058
2016-10-07 23:22:37 [INFORMAZIONI] [Multiverse-Core] 1 - World(s) loaded.
2016-10-07 23:22:54 [INFORMAZIONI] [Multiverse-Core] - Version 2.4-b527 (API v14) Enabled - By Rigby, fernferret, lithium3141 and main--
2016-10-07 23:22:54 [INFORMAZIONI] [Multiverse-Core] Loading World & Settings - 'world' - Env: NORMAL - Type: FLAT & seed: 1836310568572768058
2016-10-07 23:22:54 [INFORMAZIONI] [Multiverse-Core] 1 - World(s) loaded.
2016-10-07 23:24:23 [INFORMAZIONI] [Multiverse-Core] - Version 2.4-b527 (API v14) Enabled - By Rigby, fernferret, lithium3141 and main--
2016-10-07 23:24:23 [INFORMAZIONI] [Multiverse-Core] Loading World & Settings - 'world' - Env: NORMAL - Type: FLAT & seed: 1836310568572768058
2016-10-07 23:24:23 [INFORMAZIONI] [Multiverse-Core] 1 - World(s) loaded.
2016-10-07 23:25:14 [INFORMAZIONI] [Multiverse-Core] - Version 2.4-b527 (API v14) Enabled - By Rigby, fernferret, lithium3141 and main--
2016-10-07 23:25:14 [INFORMAZIONI] [Multiverse-Core] Loading World & Settings - 'world' - Env: NORMAL - Type: FLAT & seed: 1836310568572768058
2016-10-07 23:25:14 [INFORMAZIONI] [Multiverse-Core] 1 - World(s) loaded.
2016-10-07 23:25:46 [INFORMAZIONI] [Multiverse-Core] - Version 2.4-b527 (API v14) Enabled - By Rigby, fernferret, lithium3141 and main--
2016-10-07 23:25:46 [INFORMAZIONI] [Multiverse-Core] Loading World & Settings - 'world' - Env: NORMAL - Type: FLAT & seed: 1836310568572768058
2016-10-07 23:25:46 [INFORMAZIONI] [Multiverse-Core] 1 - World(s) loaded.
2016-10-07 23:26:49 [INFORMAZIONI] [Multiverse-Core] - Version 2.4-b527 (API v14) Enabled - By Rigby, fernferret, lithium3141 and main--
2016-10-07 23:26:49 [INFORMAZIONI] [Multiverse-Core] Loading World & Settings - 'world' - Env: NORMAL - Type: FLAT & seed: 1836310568572768058
2016-10-07 23:26:49 [INFORMAZIONI] [Multiverse-Core] 1 - World(s) loaded.
2016-10-07 23:27:46 [INFORMAZIONI] [Multiverse-Core] - Version 2.4-b527 (API v14) Enabled - By Rigby, fernferret, lithium3141 and main--
2016-10-07 23:27:46 [INFORMAZIONI] [Multiverse-Core] Loading World & Settings - 'world' - Env: NORMAL - Type: FLAT & seed: 1836310568572768058
2016-10-07 23:27:46 [INFORMAZIONI] [Multiverse-Core] 1 - World(s) loaded.
2016-10-07 23:27:55 [INFORMAZIONI] [Multiverse-Core] - Version 2.4-b527 (API v14) Enabled - By Rigby, fernferret, lithium3141 and main--
2016-10-07 23:27:55 [INFORMAZIONI] [Multiverse-Core] Loading World & Settings - 'world' - Env: NORMAL - Type: FLAT & seed: 1836310568572768058
2016-10-07 23:27:55 [INFORMAZIONI] [Multiverse-Core] 1 - World(s) loaded.
2016-10-07 23:29:06 [INFORMAZIONI] [Multiverse-Core] - Version 2.4-b527 (API v14) Enabled - By Rigby, fernferret, lithium3141 and main--
2016-10-07 23:29:06 [INFORMAZIONI] [Multiverse-Core] Loading World & Settings - 'world' - Env: NORMAL - Type: FLAT & seed: 1836310568572768058
2016-10-07 23:29:06 [INFORMAZIONI] [Multiverse-Core] 1 - World(s) loaded.
2016-10-07 23:30:06 [INFORMAZIONI] [Multiverse-Core] - Version 2.4-b527 (API v14) Enabled - By Rigby, fernferret, lithium3141 and main--
2016-10-07 23:30:06 [INFORMAZIONI] [Multiverse-Core] Loading World & Settings - 'world' - Env: NORMAL - Type: FLAT & seed: 1836310568572768058
2016-10-07 23:30:06 [INFORMAZIONI] [Multiverse-Core] 1 - World(s) loaded.
2016-10-07 23:35:46 [INFORMAZIONI] [Multiverse-Core] - Version 2.4-b527 (API v14) Enabled - By Rigby, fernferret, lithium3141 and main--
2016-10-07 23:35:46 [INFORMAZIONI] [Multiverse-Core] Loading World & Settings - 'world' - Env: NORMAL - Type: FLAT & seed: 1836310568572768058
2016-10-07 23:35:46 [INFORMAZIONI] [Multiverse-Core] 1 - World(s) loaded.
2016-10-07 23:36:57 [INFORMAZIONI] [Multiverse-Core] - Version 2.4-b527 (API v14) Enabled - By Rigby, fernferret, lithium3141 and main--
2016-10-07 23:36:57 [INFORMAZIONI] [Multiverse-Core] Loading World & Settings - 'world' - Env: NORMAL - Type: FLAT & seed: 1836310568572768058
2016-10-07 23:36:57 [INFORMAZIONI] [Multiverse-Core] 1 - World(s) loaded.
2016-10-07 23:38:13 [INFORMAZIONI] [Multiverse-Core] - Version 2.4-b527 (API v14) Enabled - By Rigby, fernferret, lithium3141 and main--
2016-10-07 23:38:13 [INFORMAZIONI] [Multiverse-Core] Loading World & Settings - 'world' - Env: NORMAL - Type: FLAT & seed: 1836310568572768058
2016-10-07 23:38:13 [INFORMAZIONI] [Multiverse-Core] 1 - World(s) loaded.
2016-10-07 23:43:03 [INFORMAZIONI] [Multiverse-Core] - Version 2.4-b527 (API v14) Enabled - By Rigby, fernferret, lithium3141 and main--
2016-10-07 23:43:03 [INFORMAZIONI] [Multiverse-Core] Loading World & Settings - 'world' - Env: NORMAL - Type: FLAT & seed: 1836310568572768058
2016-10-07 23:43:03 [INFORMAZIONI] [Multiverse-Core] 1 - World(s) loaded.
2016-10-07 23:45:39 [INFORMAZIONI] [Multiverse-Core] - Version 2.4-b527 (API v14) Enabled - By Rigby, fernferret, lithium3141 and main--
2016-10-07 23:45:39 [INFORMAZIONI] [Multiverse-Core] Loading World & Settings - 'world' - Env: NORMAL - Type: FLAT & seed: 1836310568572768058
2016-10-07 23:45:39 [INFORMAZIONI] [Multiverse-Core] 1 - World(s) loaded.
2016-10-07 23:47:22 [INFORMAZIONI] [Multiverse-Core] - Version 2.4-b527 (API v14) Enabled - By Rigby, fernferret, lithium3141 and main--
2016-10-07 23:47:22 [INFORMAZIONI] [Multiverse-Core] Loading World & Settings - 'world' - Env: NORMAL - Type: FLAT & seed: 1836310568572768058
2016-10-07 23:47:22 [INFORMAZIONI] [Multiverse-Core] 1 - World(s) loaded.
2016-10-09 14:51:49 [INFORMAZIONI] [Multiverse-Core] - Version 2.4-b527 (API v14) Enabled - By Rigby, fernferret, lithium3141 and main--
2016-10-09 14:51:49 [INFORMAZIONI] [Multiverse-Core] Loading World & Settings - 'world' - Env: NORMAL - Type: FLAT & seed: 1836310568572768058
2016-10-09 14:51:49 [INFORMAZIONI] [Multiverse-Core] 1 - World(s) loaded.
2016-10-09 14:53:51 [INFORMAZIONI] [Multiverse-Core] - Version 2.4-b527 (API v14) Enabled - By Rigby, fernferret, lithium3141 and main--
2016-10-09 14:53:51 [INFORMAZIONI] [Multiverse-Core] Loading World & Settings - 'world' - Env: NORMAL - Type: FLAT & seed: 1836310568572768058
2016-10-09 14:53:51 [INFORMAZIONI] [Multiverse-Core] 1 - World(s) loaded.
2016-10-09 15:01:44 [INFORMAZIONI] [Multiverse-Core] - Version 2.4-b527 (API v14) Enabled - By Rigby, fernferret, lithium3141 and main--
2016-10-09 15:01:44 [INFORMAZIONI] [Multiverse-Core] Loading World & Settings - 'world' - Env: NORMAL - Type: FLAT & seed: 1836310568572768058
2016-10-09 15:01:44 [INFORMAZIONI] [Multiverse-Core] 1 - World(s) loaded.
2016-10-09 15:02:05 [INFORMAZIONI] [Multiverse-Core] - Version 2.4-b527 (API v14) Enabled - By Rigby, fernferret, lithium3141 and main--
2016-10-09 15:02:05 [INFORMAZIONI] [Multiverse-Core] Loading World & Settings - 'world' - Env: NORMAL - Type: FLAT & seed: 1836310568572768058
2016-10-09 15:02:05 [INFORMAZIONI] [Multiverse-Core] 1 - World(s) loaded.
2016-10-09 15:08:18 [INFORMAZIONI] [Multiverse-Core] - Version 2.4-b527 (API v14) Enabled - By Rigby, fernferret, lithium3141 and main--
2016-10-09 15:08:18 [INFORMAZIONI] [Multiverse-Core] Loading World & Settings - 'world' - Env: NORMAL - Type: FLAT & seed: 1836310568572768058
2016-10-09 15:08:18 [INFORMAZIONI] [Multiverse-Core] 1 - World(s) loaded.
2016-10-09 15:09:13 [INFORMAZIONI] [Multiverse-Core] - Version 2.4-b527 (API v14) Enabled - By Rigby, fernferret, lithium3141 and main--
2016-10-09 15:09:13 [INFORMAZIONI] [Multiverse-Core] Loading World & Settings - 'world' - Env: NORMAL - Type: FLAT & seed: 1836310568572768058
2016-10-09 15:09:13 [INFORMAZIONI] [Multiverse-Core] 1 - World(s) loaded.
2016-10-09 15:17:07 [INFORMAZIONI] [Multiverse-Core] - Version 2.4-b527 (API v14) Enabled - By Rigby, fernferret, lithium3141 and main--
2016-10-09 15:17:07 [INFORMAZIONI] [Multiverse-Core] Loading World & Settings - 'world' - Env: NORMAL - Type: FLAT & seed: 1836310568572768058
2016-10-09 15:17:07 [INFORMAZIONI] [Multiverse-Core] 1 - World(s) loaded.
2016-10-09 15:18:52 [INFORMAZIONI] [Multiverse-Core] - Version 2.4-b527 (API v14) Enabled - By Rigby, fernferret, lithium3141 and main--
2016-10-09 15:18:52 [INFORMAZIONI] [Multiverse-Core] Loading World & Settings - 'world' - Env: NORMAL - Type: FLAT & seed: 1836310568572768058
2016-10-09 15:18:52 [INFORMAZIONI] [Multiverse-Core] 1 - World(s) loaded.
2016-10-09 15:20:02 [INFORMAZIONI] [Multiverse-Core] - Version 2.4-b527 (API v14) Enabled - By Rigby, fernferret, lithium3141 and main--
2016-10-09 15:20:02 [INFORMAZIONI] [Multiverse-Core] Loading World & Settings - 'world' - Env: NORMAL - Type: FLAT & seed: 1836310568572768058
2016-10-09 15:20:02 [INFORMAZIONI] [Multiverse-Core] 1 - World(s) loaded.
2016-10-09 15:21:24 [INFORMAZIONI] [Multiverse-Core] - Version 2.4-b527 (API v14) Enabled - By Rigby, fernferret, lithium3141 and main--
2016-10-09 15:21:24 [INFORMAZIONI] [Multiverse-Core] Loading World & Settings - 'world' - Env: NORMAL - Type: FLAT & seed: 1836310568572768058
2016-10-09 15:21:24 [INFORMAZIONI] [Multiverse-Core] 1 - World(s) loaded.
2016-10-09 15:21:57 [INFORMAZIONI] [Multiverse-Core] - Version 2.4-b527 (API v14) Enabled - By Rigby, fernferret, lithium3141 and main--
2016-10-09 15:21:57 [INFORMAZIONI] [Multiverse-Core] Loading World & Settings - 'world' - Env: NORMAL - Type: FLAT & seed: 1836310568572768058
2016-10-09 15:21:57 [INFORMAZIONI] [Multiverse-Core] 1 - World(s) loaded.
2016-10-09 15:22:41 [INFORMAZIONI] [Multiverse-Core] - Version 2.4-b527 (API v14) Enabled - By Rigby, fernferret, lithium3141 and main--
2016-10-09 15:22:41 [INFORMAZIONI] [Multiverse-Core] Loading World & Settings - 'world' - Env: NORMAL - Type: FLAT & seed: 1836310568572768058
2016-10-09 15:22:41 [INFORMAZIONI] [Multiverse-Core] 1 - World(s) loaded.
2016-10-09 15:29:23 [INFORMAZIONI] [Multiverse-Core] - Version 2.4-b527 (API v14) Enabled - By Rigby, fernferret, lithium3141 and main--
2016-10-09 15:29:23 [INFORMAZIONI] [Multiverse-Core] Loading World & Settings - 'world' - Env: NORMAL - Type: FLAT & seed: 1836310568572768058
2016-10-09 15:29:23 [INFORMAZIONI] [Multiverse-Core] 1 - World(s) loaded.
2016-10-09 15:31:21 [INFORMAZIONI] [Multiverse-Core] - Version 2.4-b527 (API v14) Enabled - By Rigby, fernferret, lithium3141 and main--
2016-10-09 15:31:21 [INFORMAZIONI] [Multiverse-Core] Loading World & Settings - 'world' - Env: NORMAL - Type: FLAT & seed: 1836310568572768058
2016-10-09 15:31:21 [INFORMAZIONI] [Multiverse-Core] 1 - World(s) loaded.
2016-10-09 15:31:39 [INFORMAZIONI] [Multiverse-Core] - Version 2.4-b527 (API v14) Enabled - By Rigby, fernferret, lithium3141 and main--
2016-10-09 15:31:39 [INFORMAZIONI] [Multiverse-Core] Loading World & Settings - 'world' - Env: NORMAL - Type: FLAT & seed: 1836310568572768058
2016-10-09 15:31:39 [INFORMAZIONI] [Multiverse-Core] 1 - World(s) loaded.
2016-10-09 16:18:17 [INFORMAZIONI] [Multiverse-Core] - Version 2.4-b527 (API v14) Enabled - By Rigby, fernferret, lithium3141 and main--
2016-10-09 16:18:17 [INFORMAZIONI] [Multiverse-Core] Loading World & Settings - 'world' - Env: NORMAL - Type: FLAT & seed: 1836310568572768058
2016-10-09 16:18:17 [INFORMAZIONI] [Multiverse-Core] 1 - World(s) loaded.
2016-10-09 16:18:35 [INFORMAZIONI] [Multiverse-Core] - Version 2.4-b527 (API v14) Enabled - By Rigby, fernferret, lithium3141 and main--
2016-10-09 16:18:35 [INFORMAZIONI] [Multiverse-Core] Loading World & Settings - 'world' - Env: NORMAL - Type: FLAT & seed: 1836310568572768058
2016-10-09 16:18:35 [INFORMAZIONI] [Multiverse-Core] 1 - World(s) loaded.
2016-10-09 16:42:50 [INFORMAZIONI] [Multiverse-Core] - Version 2.4-b527 (API v14) Enabled - By Rigby, fernferret, lithium3141 and main--
2016-10-09 16:42:50 [INFORMAZIONI] [Multiverse-Core] Loading World & Settings - 'world' - Env: NORMAL - Type: FLAT & seed: 1836310568572768058
2016-10-09 16:42:50 [INFORMAZIONI] [Multiverse-Core] 1 - World(s) loaded.
2016-10-09 16:44:32 [INFORMAZIONI] [Multiverse-Core] - Version 2.4-b527 (API v14) Enabled - By Rigby, fernferret, lithium3141 and main--
2016-10-09 16:44:32 [INFORMAZIONI] [Multiverse-Core] Loading World & Settings - 'world' - Env: NORMAL - Type: FLAT & seed: 1836310568572768058
2016-10-09 16:44:32 [INFORMAZIONI] [Multiverse-Core] 1 - World(s) loaded.
2016-10-09 16:51:21 [INFORMAZIONI] [Multiverse-Core] - Version 2.4-b527 (API v14) Enabled - By Rigby, fernferret, lithium3141 and main--
2016-10-09 16:51:21 [INFORMAZIONI] [Multiverse-Core] Loading World & Settings - 'world' - Env: NORMAL - Type: FLAT & seed: 1836310568572768058
2016-10-09 16:51:21 [INFORMAZIONI] [Multiverse-Core] 1 - World(s) loaded.
2016-10-09 16:58:52 [INFORMAZIONI] [Multiverse-Core] - Version 2.4-b527 (API v14) Enabled - By Rigby, fernferret, lithium3141 and main--
2016-10-09 16:58:52 [INFORMAZIONI] [Multiverse-Core] Loading World & Settings - 'world' - Env: NORMAL - Type: FLAT & seed: 1836310568572768058
2016-10-09 16:58:52 [INFORMAZIONI] [Multiverse-Core] 1 - World(s) loaded.
2016-10-09 17:05:56 [INFORMAZIONI] [Multiverse-Core] - Version 2.4-b527 (API v14) Enabled - By Rigby, fernferret, lithium3141 and main--
2016-10-09 17:05:56 [INFORMAZIONI] [Multiverse-Core] Loading World & Settings - 'world' - Env: NORMAL - Type: FLAT & seed: 1836310568572768058
2016-10-09 17:05:56 [INFORMAZIONI] [Multiverse-Core] 1 - World(s) loaded.
2016-10-09 17:07:20 [INFORMAZIONI] [Multiverse-Core] - Version 2.4-b527 (API v14) Enabled - By Rigby, fernferret, lithium3141 and main--
2016-10-09 17:07:20 [INFORMAZIONI] [Multiverse-Core] Loading World & Settings - 'world' - Env: NORMAL - Type: FLAT & seed: 1836310568572768058
2016-10-09 17:07:20 [INFORMAZIONI] [Multiverse-Core] 1 - World(s) loaded.
2016-10-09 17:09:13 [INFORMAZIONI] [Multiverse-Core] - Version 2.4-b527 (API v14) Enabled - By Rigby, fernferret, lithium3141 and main--
2016-10-09 17:09:13 [INFORMAZIONI] [Multiverse-Core] Loading World & Settings - 'world' - Env: NORMAL - Type: FLAT & seed: 1836310568572768058
2016-10-09 17:09:13 [INFORMAZIONI] [Multiverse-Core] 1 - World(s) loaded.
2016-10-09 17:09:38 [INFORMAZIONI] [Multiverse-Core] - Version 2.4-b527 (API v14) Enabled - By Rigby, fernferret, lithium3141 and main--
2016-10-09 17:09:38 [INFORMAZIONI] [Multiverse-Core] Loading World & Settings - 'world' - Env: NORMAL - Type: FLAT & seed: 1836310568572768058
2016-10-09 17:09:38 [INFORMAZIONI] [Multiverse-Core] 1 - World(s) loaded.
2016-10-09 17:36:08 [INFORMAZIONI] [Multiverse-Core] - Version 2.4-b527 (API v14) Enabled - By Rigby, fernferret, lithium3141 and main--
2016-10-09 17:36:08 [INFORMAZIONI] [Multiverse-Core] Loading World & Settings - 'world' - Env: NORMAL - Type: FLAT & seed: 1836310568572768058
2016-10-09 17:36:08 [INFORMAZIONI] [Multiverse-Core] 1 - World(s) loaded.
2016-10-09 17:42:14 [INFORMAZIONI] [Multiverse-Core] - Version 2.4-b527 (API v14) Enabled - By Rigby, fernferret, lithium3141 and main--
2016-10-09 17:42:14 [INFORMAZIONI] [Multiverse-Core] Loading World & Settings - 'world' - Env: NORMAL - Type: FLAT & seed: 1836310568572768058
2016-10-09 17:42:14 [INFORMAZIONI] [Multiverse-Core] 1 - World(s) loaded.
2016-10-09 17:43:03 [INFORMAZIONI] [Multiverse-Core] - Version 2.4-b527 (API v14) Enabled - By Rigby, fernferret, lithium3141 and main--
2016-10-09 17:43:03 [INFORMAZIONI] [Multiverse-Core] Loading World & Settings - 'world' - Env: NORMAL - Type: FLAT & seed: 1836310568572768058
2016-10-09 17:43:03 [INFORMAZIONI] [Multiverse-Core] 1 - World(s) loaded.
2016-10-09 17:48:11 [INFORMAZIONI] [Multiverse-Core] - Version 2.4-b527 (API v14) Enabled - By Rigby, fernferret, lithium3141 and main--
2016-10-09 17:48:11 [INFORMAZIONI] [Multiverse-Core] Loading World & Settings - 'world' - Env: NORMAL - Type: FLAT & seed: 1836310568572768058
2016-10-09 17:48:11 [INFORMAZIONI] [Multiverse-Core] 1 - World(s) loaded.
2016-10-09 17:49:15 [INFORMAZIONI] [Multiverse-Core] - Version 2.4-b527 (API v14) Enabled - By Rigby, fernferret, lithium3141 and main--
2016-10-09 17:49:15 [INFORMAZIONI] [Multiverse-Core] Loading World & Settings - 'world' - Env: NORMAL - Type: FLAT & seed: 1836310568572768058
2016-10-09 17:49:15 [INFORMAZIONI] [Multiverse-Core] 1 - World(s) loaded.
2016-10-09 17:49:57 [INFORMAZIONI] [Multiverse-Core] - Version 2.4-b527 (API v14) Enabled - By Rigby, fernferret, lithium3141 and main--
2016-10-09 17:49:57 [INFORMAZIONI] [Multiverse-Core] Loading World & Settings - 'world' - Env: NORMAL - Type: FLAT & seed: 1836310568572768058
2016-10-09 17:49:57 [INFORMAZIONI] [Multiverse-Core] 1 - World(s) loaded.
2016-10-09 17:56:10 [INFORMAZIONI] [Multiverse-Core] - Version 2.4-b527 (API v14) Enabled - By Rigby, fernferret, lithium3141 and main--
2016-10-09 17:56:10 [INFORMAZIONI] [Multiverse-Core] Loading World & Settings - 'world' - Env: NORMAL - Type: FLAT & seed: 1836310568572768058
2016-10-09 17:56:10 [INFORMAZIONI] [Multiverse-Core] 1 - World(s) loaded.
2016-10-09 17:56:58 [INFORMAZIONI] [Multiverse-Core] - Version 2.4-b527 (API v14) Enabled - By Rigby, fernferret, lithium3141 and main--
2016-10-09 17:56:58 [INFORMAZIONI] [Multiverse-Core] Loading World & Settings - 'world' - Env: NORMAL - Type: FLAT & seed: 1836310568572768058
2016-10-09 17:56:58 [INFORMAZIONI] [Multiverse-Core] 1 - World(s) loaded.
2016-10-09 18:01:41 [INFORMAZIONI] [Multiverse-Core] - Version 2.4-b527 (API v14) Enabled - By Rigby, fernferret, lithium3141 and main--
2016-10-09 18:01:41 [INFORMAZIONI] [Multiverse-Core] Loading World & Settings - 'world' - Env: NORMAL - Type: FLAT & seed: 1836310568572768058
2016-10-09 18:01:41 [INFORMAZIONI] [Multiverse-Core] 1 - World(s) loaded.
2016-10-09 18:02:30 [INFORMAZIONI] [Multiverse-Core] - Version 2.4-b527 (API v14) Enabled - By Rigby, fernferret, lithium3141 and main--
2016-10-09 18:02:30 [INFORMAZIONI] [Multiverse-Core] Loading World & Settings - 'world' - Env: NORMAL - Type: FLAT & seed: 1836310568572768058
2016-10-09 18:02:30 [INFORMAZIONI] [Multiverse-Core] 1 - World(s) loaded.
2016-10-09 18:07:36 [INFORMAZIONI] [Multiverse-Core] - Version 2.4-b527 (API v14) Enabled - By Rigby, fernferret, lithium3141 and main--
2016-10-09 18:07:36 [INFORMAZIONI] [Multiverse-Core] Loading World & Settings - 'world' - Env: NORMAL - Type: FLAT & seed: 1836310568572768058
2016-10-09 18:07:36 [INFORMAZIONI] [Multiverse-Core] 1 - World(s) loaded.
2016-10-09 18:08:14 [INFORMAZIONI] [Multiverse-Core] - Version 2.4-b527 (API v14) Enabled - By Rigby, fernferret, lithium3141 and main--
2016-10-09 18:08:14 [INFORMAZIONI] [Multiverse-Core] Loading World & Settings - 'world' - Env: NORMAL - Type: FLAT & seed: 1836310568572768058
2016-10-09 18:08:15 [INFORMAZIONI] [Multiverse-Core] 1 - World(s) loaded.
2016-10-09 18:09:01 [INFORMAZIONI] [Multiverse-Core] - Version 2.4-b527 (API v14) Enabled - By Rigby, fernferret, lithium3141 and main--
2016-10-09 18:09:01 [INFORMAZIONI] [Multiverse-Core] Loading World & Settings - 'world' - Env: NORMAL - Type: FLAT & seed: 1836310568572768058
2016-10-09 18:09:01 [INFORMAZIONI] [Multiverse-Core] 1 - World(s) loaded.
2016-10-09 21:30:50 [INFORMAZIONI] [Multiverse-Core] - Version 2.4-b527 (API v14) Enabled - By Rigby, fernferret, lithium3141 and main--
2016-10-09 21:30:50 [INFORMAZIONI] [Multiverse-Core] Loading World & Settings - 'world' - Env: NORMAL - Type: FLAT & seed: 1836310568572768058
2016-10-09 21:30:50 [INFORMAZIONI] [Multiverse-Core] 1 - World(s) loaded.
2016-10-09 21:32:22 [INFORMAZIONI] [Multiverse-Core] - Version 2.4-b527 (API v14) Enabled - By Rigby, fernferret, lithium3141 and main--
2016-10-09 21:32:22 [INFORMAZIONI] [Multiverse-Core] Loading World & Settings - 'world' - Env: NORMAL - Type: FLAT & seed: 1836310568572768058
2016-10-09 21:32:22 [INFORMAZIONI] [Multiverse-Core] 1 - World(s) loaded.
2016-10-09 21:46:39 [INFORMAZIONI] [Multiverse-Core] - Version 2.4-b527 (API v14) Enabled - By Rigby, fernferret, lithium3141 and main--
2016-10-09 21:46:39 [INFORMAZIONI] [Multiverse-Core] Loading World & Settings - 'world' - Env: NORMAL - Type: FLAT & seed: 1836310568572768058
2016-10-09 21:46:39 [INFORMAZIONI] [Multiverse-Core] 1 - World(s) loaded.
2016-10-09 21:52:56 [INFORMAZIONI] [Multiverse-Core] - Version 2.4-b527 (API v14) Enabled - By Rigby, fernferret, lithium3141 and main--
2016-10-09 21:52:56 [INFORMAZIONI] [Multiverse-Core] Loading World & Settings - 'world' - Env: NORMAL - Type: FLAT & seed: 1836310568572768058
2016-10-09 21:52:56 [INFORMAZIONI] [Multiverse-Core] 1 - World(s) loaded.
2016-10-09 21:53:36 [INFORMAZIONI] [Multiverse-Core] - Version 2.4-b527 (API v14) Enabled - By Rigby, fernferret, lithium3141 and main--
2016-10-09 21:53:36 [INFORMAZIONI] [Multiverse-Core] Loading World & Settings - 'world' - Env: NORMAL - Type: FLAT & seed: 1836310568572768058
2016-10-09 21:53:36 [INFORMAZIONI] [Multiverse-Core] 1 - World(s) loaded.
2016-10-09 21:57:05 [INFORMAZIONI] [Multiverse-Core] - Version 2.4-b527 (API v14) Enabled - By Rigby, fernferret, lithium3141 and main--
2016-10-09 21:57:05 [INFORMAZIONI] [Multiverse-Core] Loading World & Settings - 'world' - Env: NORMAL - Type: FLAT & seed: 1836310568572768058
2016-10-09 21:57:05 [INFORMAZIONI] [Multiverse-Core] 1 - World(s) loaded.
2016-10-09 22:08:51 [INFORMAZIONI] [Multiverse-Core] - Version 2.4-b527 (API v14) Enabled - By Rigby, fernferret, lithium3141 and main--
2016-10-09 22:08:51 [INFORMAZIONI] [Multiverse-Core] Loading World & Settings - 'world' - Env: NORMAL - Type: FLAT & seed: 1836310568572768058
2016-10-09 22:08:51 [INFORMAZIONI] [Multiverse-Core] 1 - World(s) loaded.
2016-10-09 22:35:06 [INFORMAZIONI] [Multiverse-Core] - Version 2.4-b527 (API v14) Enabled - By Rigby, fernferret, lithium3141 and main--
2016-10-09 22:35:06 [INFORMAZIONI] [Multiverse-Core] Loading World & Settings - 'world' - Env: NORMAL - Type: FLAT & seed: 1836310568572768058
2016-10-09 22:35:06 [INFORMAZIONI] [Multiverse-Core] 1 - World(s) loaded.
2016-10-09 22:37:59 [INFORMAZIONI] [Multiverse-Core] - Version 2.4-b527 (API v14) Enabled - By Rigby, fernferret, lithium3141 and main--
2016-10-09 22:37:59 [INFORMAZIONI] [Multiverse-Core] Loading World & Settings - 'world' - Env: NORMAL - Type: FLAT & seed: 1836310568572768058
2016-10-09 22:37:59 [INFORMAZIONI] [Multiverse-Core] 1 - World(s) loaded.
2016-10-09 22:42:40 [INFORMAZIONI] [Multiverse-Core] - Version 2.4-b527 (API v14) Enabled - By Rigby, fernferret, lithium3141 and main--
2016-10-09 22:42:40 [INFORMAZIONI] [Multiverse-Core] Loading World & Settings - 'world' - Env: NORMAL - Type: FLAT & seed: 1836310568572768058
2016-10-09 22:42:40 [INFORMAZIONI] [Multiverse-Core] 1 - World(s) loaded.
2016-10-09 22:44:12 [INFORMAZIONI] [Multiverse-Core] - Version 2.4-b527 (API v14) Enabled - By Rigby, fernferret, lithium3141 and main--
2016-10-09 22:44:12 [INFORMAZIONI] [Multiverse-Core] Loading World & Settings - 'world' - Env: NORMAL - Type: FLAT & seed: 1836310568572768058
2016-10-09 22:44:12 [INFORMAZIONI] [Multiverse-Core] 1 - World(s) loaded.
2016-10-10 14:31:29 [INFORMAZIONI] [Multiverse-Core] - Version 2.4-b527 (API v14) Enabled - By Rigby, fernferret, lithium3141 and main--
2016-10-10 14:31:29 [INFORMAZIONI] [Multiverse-Core] Loading World & Settings - 'world' - Env: NORMAL - Type: FLAT & seed: 1836310568572768058
2016-10-10 14:31:29 [INFORMAZIONI] [Multiverse-Core] 1 - World(s) loaded.
2016-10-10 15:19:08 [INFORMAZIONI] [Multiverse-Core] - Version 2.4-b527 (API v14) Enabled - By Rigby, fernferret, lithium3141 and main--
2016-10-10 15:19:08 [INFORMAZIONI] [Multiverse-Core] Loading World & Settings - 'world' - Env: NORMAL - Type: FLAT & seed: 1836310568572768058
2016-10-10 15:19:08 [INFORMAZIONI] [Multiverse-Core] 1 - World(s) loaded.
2016-10-10 15:19:43 [INFORMAZIONI] [Multiverse-Core] - Version 2.4-b527 (API v14) Enabled - By Rigby, fernferret, lithium3141 and main--
2016-10-10 15:19:43 [INFORMAZIONI] [Multiverse-Core] Loading World & Settings - 'world' - Env: NORMAL - Type: FLAT & seed: 1836310568572768058
2016-10-10 15:19:43 [INFORMAZIONI] [Multiverse-Core] 1 - World(s) loaded.
2016-10-10 15:20:23 [INFORMAZIONI] [Multiverse-Core] - Version 2.4-b527 (API v14) Enabled - By Rigby, fernferret, lithium3141 and main--
2016-10-10 15:20:23 [INFORMAZIONI] [Multiverse-Core] Loading World & Settings - 'world' - Env: NORMAL - Type: FLAT & seed: 1836310568572768058
2016-10-10 15:20:23 [INFORMAZIONI] [Multiverse-Core] 1 - World(s) loaded.
2016-10-10 15:27:20 [INFORMAZIONI] [Multiverse-Core] - Version 2.4-b527 (API v14) Enabled - By Rigby, fernferret, lithium3141 and main--
2016-10-10 15:27:20 [INFORMAZIONI] [Multiverse-Core] Loading World & Settings - 'world' - Env: NORMAL - Type: FLAT & seed: 1836310568572768058
2016-10-10 15:27:20 [INFORMAZIONI] [Multiverse-Core] 1 - World(s) loaded.
2016-10-10 15:27:57 [INFORMAZIONI] [Multiverse-Core] - Version 2.4-b527 (API v14) Enabled - By Rigby, fernferret, lithium3141 and main--
2016-10-10 15:27:57 [INFORMAZIONI] [Multiverse-Core] Loading World & Settings - 'world' - Env: NORMAL - Type: FLAT & seed: 1836310568572768058
2016-10-10 15:27:57 [INFORMAZIONI] [Multiverse-Core] 1 - World(s) loaded.
2016-10-10 15:28:04 [INFORMAZIONI] [Multiverse-Core] - Version 2.4-b527 (API v14) Enabled - By Rigby, fernferret, lithium3141 and main--
2016-10-10 15:28:04 [INFORMAZIONI] [Multiverse-Core] Loading World & Settings - 'world' - Env: NORMAL - Type: FLAT & seed: 1836310568572768058
2016-10-10 15:28:04 [INFORMAZIONI] [Multiverse-Core] 1 - World(s) loaded.
2016-10-10 16:07:16 [INFORMAZIONI] [Multiverse-Core] - Version 2.4-b527 (API v14) Enabled - By Rigby, fernferret, lithium3141 and main--
2016-10-10 16:07:16 [INFORMAZIONI] [Multiverse-Core] Loading World & Settings - 'world' - Env: NORMAL - Type: FLAT & seed: 1836310568572768058
2016-10-10 16:07:16 [INFORMAZIONI] [Multiverse-Core] 1 - World(s) loaded.
2016-10-10 20:09:23 [INFORMAZIONI] [Multiverse-Core] - Version 2.4-b527 (API v14) Enabled - By Rigby, fernferret, lithium3141 and main--
2016-10-10 20:09:23 [INFORMAZIONI] [Multiverse-Core] Loading World & Settings - 'world' - Env: NORMAL - Type: FLAT & seed: 1836310568572768058
2016-10-10 20:09:23 [INFORMAZIONI] [Multiverse-Core] 1 - World(s) loaded.
2016-10-10 20:15:52 [INFORMAZIONI] [Multiverse-Core] - Version 2.4-b527 (API v14) Enabled - By Rigby, fernferret, lithium3141 and main--
2016-10-10 20:15:52 [INFORMAZIONI] [Multiverse-Core] Loading World & Settings - 'world' - Env: NORMAL - Type: FLAT & seed: 1836310568572768058
2016-10-10 20:15:52 [INFORMAZIONI] [Multiverse-Core] 1 - World(s) loaded.
2016-10-10 20:37:13 [INFORMAZIONI] [Multiverse-Core] - Version 2.4-b527 (API v14) Enabled - By Rigby, fernferret, lithium3141 and main--
2016-10-10 20:37:13 [INFORMAZIONI] [Multiverse-Core] Loading World & Settings - 'world' - Env: NORMAL - Type: FLAT & seed: 1836310568572768058
2016-10-10 20:37:13 [INFORMAZIONI] [Multiverse-Core] 1 - World(s) loaded.
2016-10-11 14:07:28 [INFORMAZIONI] [Multiverse-Core] - Version 2.4-b527 (API v14) Enabled - By Rigby, fernferret, lithium3141 and main--
2016-10-11 14:07:28 [INFORMAZIONI] [Multiverse-Core] Loading World & Settings - 'world' - Env: NORMAL - Type: FLAT & seed: 1836310568572768058
2016-10-11 14:07:28 [INFORMAZIONI] [Multiverse-Core] 1 - World(s) loaded.
2016-10-11 14:08:13 [INFORMAZIONI] [Multiverse-Core] - Version 2.4-b527 (API v14) Enabled - By Rigby, fernferret, lithium3141 and main--
2016-10-11 14:08:13 [INFORMAZIONI] [Multiverse-Core] Loading World & Settings - 'world' - Env: NORMAL - Type: FLAT & seed: 1836310568572768058
2016-10-11 14:08:13 [INFORMAZIONI] [Multiverse-Core] 1 - World(s) loaded.
2016-10-11 14:46:02 [INFORMAZIONI] [Multiverse-Core] - Version 2.4-b527 (API v14) Enabled - By Rigby, fernferret, lithium3141 and main--
2016-10-11 14:46:02 [INFORMAZIONI] [Multiverse-Core] Loading World & Settings - 'world' - Env: NORMAL - Type: FLAT & seed: 1836310568572768058
2016-10-11 14:46:02 [INFORMAZIONI] [Multiverse-Core] 1 - World(s) loaded.
2016-10-11 14:57:24 [INFORMAZIONI] [Multiverse-Core] - Version 2.4-b527 (API v14) Enabled - By Rigby, fernferret, lithium3141 and main--
2016-10-11 14:57:24 [INFORMAZIONI] [Multiverse-Core] Loading World & Settings - 'world' - Env: NORMAL - Type: FLAT & seed: 1836310568572768058
2016-10-11 14:57:24 [INFORMAZIONI] [Multiverse-Core] 1 - World(s) loaded.
2016-10-11 15:28:03 [INFORMAZIONI] [Multiverse-Core] - Version 2.4-b527 (API v14) Enabled - By Rigby, fernferret, lithium3141 and main--
2016-10-11 15:28:03 [INFORMAZIONI] [Multiverse-Core] Loading World & Settings - 'world' - Env: NORMAL - Type: FLAT & seed: 1836310568572768058
2016-10-11 15:28:03 [INFORMAZIONI] [Multiverse-Core] 1 - World(s) loaded.
2016-10-11 15:30:40 [INFORMAZIONI] [Multiverse-Core] - Version 2.4-b527 (API v14) Enabled - By Rigby, fernferret, lithium3141 and main--
2016-10-11 15:30:40 [INFORMAZIONI] [Multiverse-Core] Loading World & Settings - 'world' - Env: NORMAL - Type: FLAT & seed: 1836310568572768058
2016-10-11 15:30:40 [INFORMAZIONI] [Multiverse-Core] 1 - World(s) loaded.
2016-10-11 15:31:46 [INFORMAZIONI] [Multiverse-Core] - Version 2.4-b527 (API v14) Enabled - By Rigby, fernferret, lithium3141 and main--
2016-10-11 15:31:46 [INFORMAZIONI] [Multiverse-Core] Loading World & Settings - 'world' - Env: NORMAL - Type: FLAT & seed: 1836310568572768058
2016-10-11 15:31:46 [INFORMAZIONI] [Multiverse-Core] 1 - World(s) loaded.
2016-10-11 15:33:22 [INFORMAZIONI] [Multiverse-Core] - Version 2.4-b527 (API v14) Enabled - By Rigby, fernferret, lithium3141 and main--
2016-10-11 15:33:22 [INFORMAZIONI] [Multiverse-Core] Loading World & Settings - 'world' - Env: NORMAL - Type: FLAT & seed: 1836310568572768058
2016-10-11 15:33:22 [INFORMAZIONI] [Multiverse-Core] 1 - World(s) loaded.
2016-10-11 15:35:09 [INFORMAZIONI] [Multiverse-Core] - Version 2.4-b527 (API v14) Enabled - By Rigby, fernferret, lithium3141 and main--
2016-10-11 15:35:09 [INFORMAZIONI] [Multiverse-Core] Loading World & Settings - 'world' - Env: NORMAL - Type: FLAT & seed: 1836310568572768058
2016-10-11 15:35:09 [INFORMAZIONI] [Multiverse-Core] 1 - World(s) loaded.
2016-10-11 15:35:52 [INFORMAZIONI] [Multiverse-Core] - Version 2.4-b527 (API v14) Enabled - By Rigby, fernferret, lithium3141 and main--
2016-10-11 15:35:52 [INFORMAZIONI] [Multiverse-Core] Loading World & Settings - 'world' - Env: NORMAL - Type: FLAT & seed: 1836310568572768058
2016-10-11 15:35:52 [INFORMAZIONI] [Multiverse-Core] 1 - World(s) loaded.
2016-10-11 15:36:41 [INFORMAZIONI] [Multiverse-Core] - Version 2.4-b527 (API v14) Enabled - By Rigby, fernferret, lithium3141 and main--
2016-10-11 15:36:41 [INFORMAZIONI] [Multiverse-Core] Loading World & Settings - 'world' - Env: NORMAL - Type: FLAT & seed: 1836310568572768058
2016-10-11 15:36:41 [INFORMAZIONI] [Multiverse-Core] 1 - World(s) loaded.
2016-10-11 15:40:51 [INFORMAZIONI] [Multiverse-Core] - Version 2.4-b527 (API v14) Enabled - By Rigby, fernferret, lithium3141 and main--
2016-10-11 15:40:51 [INFORMAZIONI] [Multiverse-Core] Loading World & Settings - 'world' - Env: NORMAL - Type: FLAT & seed: 1836310568572768058
2016-10-11 15:40:51 [INFORMAZIONI] [Multiverse-Core] 1 - World(s) loaded.
2016-10-11 15:41:45 [INFORMAZIONI] [Multiverse-Core] - Version 2.4-b527 (API v14) Enabled - By Rigby, fernferret, lithium3141 and main--
2016-10-11 15:41:45 [INFORMAZIONI] [Multiverse-Core] Loading World & Settings - 'world' - Env: NORMAL - Type: FLAT & seed: 1836310568572768058
2016-10-11 15:41:45 [INFORMAZIONI] [Multiverse-Core] 1 - World(s) loaded.
2016-10-11 15:42:47 [INFORMAZIONI] [Multiverse-Core] - Version 2.4-b527 (API v14) Enabled - By Rigby, fernferret, lithium3141 and main--
2016-10-11 15:42:47 [INFORMAZIONI] [Multiverse-Core] Loading World & Settings - 'world' - Env: NORMAL - Type: FLAT & seed: 1836310568572768058
2016-10-11 15:42:47 [INFORMAZIONI] [Multiverse-Core] 1 - World(s) loaded.
2016-10-11 19:23:44 [INFORMAZIONI] [Multiverse-Core] - Version 2.4-b527 (API v14) Enabled - By Rigby, fernferret, lithium3141 and main--
2016-10-11 19:23:44 [INFORMAZIONI] [Multiverse-Core] Loading World & Settings - 'world' - Env: NORMAL - Type: FLAT & seed: 1836310568572768058
2016-10-11 19:23:44 [INFORMAZIONI] [Multiverse-Core] 1 - World(s) loaded.
2016-10-11 21:06:41 [INFORMAZIONI] [Multiverse-Core] - Version 2.4-b527 (API v14) Enabled - By Rigby, fernferret, lithium3141 and main--
2016-10-11 21:06:41 [INFORMAZIONI] [Multiverse-Core] Loading World & Settings - 'world' - Env: NORMAL - Type: FLAT & seed: 1836310568572768058
2016-10-11 21:06:41 [INFORMAZIONI] [Multiverse-Core] 1 - World(s) loaded.
2016-10-11 21:14:45 [INFORMAZIONI] [Multiverse-Core] - Version 2.4-b527 (API v14) Enabled - By Rigby, fernferret, lithium3141 and main--
2016-10-11 21:14:45 [INFORMAZIONI] [Multiverse-Core] Loading World & Settings - 'world' - Env: NORMAL - Type: FLAT & seed: 1836310568572768058
2016-10-11 21:14:45 [INFORMAZIONI] [Multiverse-Core] 1 - World(s) loaded.
2016-10-11 22:10:02 [INFORMAZIONI] [Multiverse-Core] - Version 2.4-b527 (API v14) Enabled - By Rigby, fernferret, lithium3141 and main--
2016-10-11 22:10:02 [INFORMAZIONI] [Multiverse-Core] Loading World & Settings - 'world' - Env: NORMAL - Type: FLAT & seed: 1836310568572768058
2016-10-11 22:10:02 [INFORMAZIONI] [Multiverse-Core] 1 - World(s) loaded.
2016-10-11 22:11:16 [INFORMAZIONI] [Multiverse-Core] - Version 2.4-b527 (API v14) Enabled - By Rigby, fernferret, lithium3141 and main--
2016-10-11 22:11:16 [INFORMAZIONI] [Multiverse-Core] Loading World & Settings - 'world' - Env: NORMAL - Type: FLAT & seed: 1836310568572768058
2016-10-11 22:11:16 [AVVERTENZA] [Multiverse-Core] Spawn location from world.dat file was unsafe. Adjusting...
2016-10-11 22:11:16 [AVVERTENZA] [Multiverse-Core] Original Location: X: 10 Y: 45 Z: -11 P: 0 Y: 0 
2016-10-11 22:11:16 [GRAVE] [Multiverse-Core] New safe spawn NOT found!!!
2016-10-11 22:11:16 [INFORMAZIONI] [Multiverse-Core] 1 - World(s) loaded.
2016-10-11 22:12:55 [INFORMAZIONI] [Multiverse-Core] - Version 2.4-b527 (API v14) Enabled - By Rigby, fernferret, lithium3141 and main--
2016-10-11 22:12:56 [INFORMAZIONI] [Multiverse-Core] Loading World & Settings - 'world' - Env: NORMAL - Type: FLAT & seed: 1836310568572768058
2016-10-11 22:12:56 [INFORMAZIONI] [Multiverse-Core] 1 - World(s) loaded.
2016-10-11 22:55:35 [INFORMAZIONI] [Multiverse-Core] - Version 2.4-b527 (API v14) Enabled - By Rigby, fernferret, lithium3141 and main--
2016-10-11 22:55:35 [INFORMAZIONI] [Multiverse-Core] Loading World & Settings - 'world' - Env: NORMAL - Type: FLAT & seed: 1836310568572768058
2016-10-11 22:55:35 [AVVERTENZA] [Multiverse-Core] Spawn location from world.dat file was unsafe. Adjusting...
2016-10-11 22:55:35 [AVVERTENZA] [Multiverse-Core] Original Location: X: -33 Y: 61 Z: 59 P: 0 Y: 0 
2016-10-11 22:55:35 [INFORMAZIONI] [Multiverse-Core] New Spawn for 'world' is Located at: world:-31,50,61,00,59,50:0,00:0,00
2016-10-11 22:55:35 [INFORMAZIONI] [Multiverse-Core] 1 - World(s) loaded.
2016-10-11 22:55:58 [INFORMAZIONI] [Multiverse-Core] - Version 2.4-b527 (API v14) Enabled - By Rigby, fernferret, lithium3141 and main--
2016-10-11 22:55:58 [INFORMAZIONI] [Multiverse-Core] Loading World & Settings - 'world' - Env: NORMAL - Type: FLAT & seed: 1836310568572768058
2016-10-11 22:55:58 [INFORMAZIONI] [Multiverse-Core] 1 - World(s) loaded.
2016-10-11 22:58:26 [INFORMAZIONI] [Multiverse-Core] - Version 2.4-b527 (API v14) Enabled - By Rigby, fernferret, lithium3141 and main--
2016-10-11 22:58:26 [INFORMAZIONI] [Multiverse-Core] Loading World & Settings - 'world' - Env: NORMAL - Type: FLAT & seed: 1836310568572768058
2016-10-11 22:58:26 [INFORMAZIONI] [Multiverse-Core] 1 - World(s) loaded.
2016-10-12 15:31:50 [INFORMAZIONI] [Multiverse-Core] - Version 2.4-b527 (API v14) Enabled - By Rigby, fernferret, lithium3141 and main--
2016-10-12 15:31:50 [INFORMAZIONI] [Multiverse-Core] Loading World & Settings - 'world' - Env: NORMAL - Type: FLAT & seed: 1836310568572768058
2016-10-12 15:31:50 [INFORMAZIONI] [Multiverse-Core] 1 - World(s) loaded.
2016-10-12 15:37:25 [INFORMAZIONI] [Multiverse-Core] - Version 2.4-b527 (API v14) Enabled - By Rigby, fernferret, lithium3141 and main--
2016-10-12 15:37:25 [INFORMAZIONI] [Multiverse-Core] Loading World & Settings - 'world' - Env: NORMAL - Type: FLAT & seed: 1836310568572768058
2016-10-12 15:37:25 [INFORMAZIONI] [Multiverse-Core] 1 - World(s) loaded.
2016-10-12 16:11:12 [INFORMAZIONI] [Multiverse-Core] - Version 2.4-b527 (API v14) Enabled - By Rigby, fernferret, lithium3141 and main--
2016-10-12 16:11:12 [INFORMAZIONI] [Multiverse-Core] Loading World & Settings - 'world' - Env: NORMAL - Type: FLAT & seed: 1836310568572768058
2016-10-12 16:11:12 [INFORMAZIONI] [Multiverse-Core] 1 - World(s) loaded.
2016-10-12 16:40:20 [INFORMAZIONI] [Multiverse-Core] - Version 2.4-b527 (API v14) Enabled - By Rigby, fernferret, lithium3141 and main--
2016-10-12 16:40:20 [INFORMAZIONI] [Multiverse-Core] Loading World & Settings - 'world' - Env: NORMAL - Type: FLAT & seed: 1836310568572768058
2016-10-12 16:40:20 [INFORMAZIONI] [Multiverse-Core] 1 - World(s) loaded.
